Found ConfigField TileEntityRemover_Enabled
Found ConfigField TileEntityTargetList
Ore: sandstone
Ore: glass
Ore: oreCoal
Ore: cloth
Ore: blockGold
Ore: blockIron
Ore: blockDiamond
Ore: blockGlowstone
Ore: blockEmerald
Ore: blockRedstone
Ore: coal
Ore: charcoal
Ore: ingotIron
Ore: ingotGold
Ore: dustRedstone
Ore: slimeball
Ore: dustGlowstone
Ore: nuggetGold
Ore: gearWood
Ore: gearStone
Ore: gearIron
Ore: gearGold
Ore: gearDiamond
Fluid: uumatter
Fluid: constructionfoam
Fluid: ic2coolant
Ore: oreCopper
Ore: oreTin
Ore: oreUranium
Ore: oreLead
Ore: treeLeaves
Ore: treeSapling
Ore: logRubber
Ore: woodRubber
Ore: dustStone
Ore: dustBronze
Ore: dustClay
Ore: dustCoal
Ore: dustCopper
Ore: dustGold
Ore: dustIron
Ore: dustSilver
Ore: dustTin
Ore: dustLead
Ore: dustObsidian
Ore: dyeBlue
Ore: dustLapis
Ore: dustSulfur
Ore: dustLithium
Ore: dustDiamond
Ore: dustSiliconDioxide
Ore: dustHydratedCoal
Ore: dustTinyCopper
Ore: dustTinyGold
Ore: dustTinyIron
Ore: dustTinySilver
Ore: dustTinyTin
Ore: dustTinyLead
Ore: dustTinySulfur
Ore: dustTinyLithium
Ore: itemRubber
Ore: ingotBronze
Ore: ingotCopper
Ore: ingotRefinedIron
Ore: ingotLead
Ore: ingotTin
Ore: ingotSilver
Ore: plateIron
Ore: plateGold
Ore: plateCopper
Ore: plateTin
Ore: plateLead
Ore: plateLapis
Ore: plateObsidian
Ore: plateBronze
Ore: plateDenseIron
Ore: plateDenseGold
Ore: plateDenseCopper
Ore: plateDenseTin
Ore: plateDenseLead
Ore: plateDenseLapis
Ore: plateDenseObsidian
Ore: plateDenseBronze
Ore: crushedIron
Ore: crushedGold
Ore: crushedSilver
Ore: crushedLead
Ore: crushedCopper
Ore: crushedTin
Ore: crushedUranium
Ore: crushedPurifiedIron
Ore: crushedPurifiedGold
Ore: crushedPurifiedSilver
Ore: crushedPurifiedLead
Ore: crushedPurifiedCopper
Ore: crushedPurifiedTin
Ore: crushedPurifiedUranium
Ore: blockBronze
Ore: blockCopper
Ore: blockTin
Ore: blockUranium
Ore: blockLead
Ore: craftingCircuitTier02
Ore: circuitBasic
Ore: craftingCircuitTier04
Ore: circuitAdvanced
Ore: gemDiamond
Ore: gemDiamond
Ore: craftingToolForgeHammer
Ore: craftingToolWireCutter
Fluid: liquidessence
Ore: dustVinteum
Ore: gemBlueTopaz
Ore: gemChimerite
Ore: gemMoonstone
Ore: gemSunstone
Fluid: uraniumhexafluoride
Fluid: steam
Fluid: deuterium
Fluid: toxicwaste
Ore: oreUranium
Ore: ingotUranium
Ore: dustUranium
Ore: breederUranium
Ore: blockRadioactive
Ore: cellEmpty
Ore: cellUranium
Ore: cellDeuterium
Ore: cellWater
Ore: strangeMatter
Ore: antimatterMilligram
Ore: antimatterGram
Fluid: oil
Fluid: fuel
Ore: crafterWood
Ore: craftingTableWood
Ore: plankWood
Ore: logWood
Ore: stickWood
Ore: crafterWood
Ore: craftingTableWood
Ore: plankWood
Ore: logWood
Ore: stickWood
Ore: crafterWood
Ore: craftingTableWood
Ore: plankWood
Ore: logWood
Ore: stickWood
Ore: crafterWood
Ore: craftingTableWood
Ore: plankWood
Ore: logWood
Ore: stickWood
Ore: crafterWood
Ore: craftingTableWood
Ore: plankWood
Ore: logWood
Ore: stickWood
Ore: crafterWood
Ore: craftingTableWood
Ore: plankWood
Ore: logWood
Ore: stickWood
Ore: crafterWood
Ore: craftingTableWood
Ore: plankWood
Ore: logWood
Ore: stickWood
Ore: crafterWood
Ore: craftingTableWood
Ore: plankWood
Ore: logWood
Ore: stickWood
Ore: crafterWood
Ore: craftingTableWood
Ore: plankWood
Ore: logWood
Ore: stickWood
Ore: crafterWood
Ore: craftingTableWood
Ore: plankWood
Ore: logWood
Ore: stickWood
Ore: crafterWood
Ore: craftingTableWood
Ore: plankWood
Ore: logWood
Ore: stickWood
Ore: crafterWood
Ore: craftingTableWood
Ore: plankWood
Ore: logWood
Ore: stickWood
Ore: dyeBlue
Ore: glassSoul
Ore: chestWood
Ore: blockGlass
Ore: blockGlass
Ore: blockGlass
Ore: cropRaspberry
Ore: cropBlueberry
Ore: cropBlackberry
Ore: cropMaloberry
Ore: cropBlightberry
Ore: cropDuskberry
Ore: cropSkyberry
Ore: cropStingberry
Ore: taintedSoil
Ore: slabWood
Ore: slabWood
Ore: saplingTree
Ore: saplingTree
Ore: leavesTree
Ore: leavesTree
Ore: leavesTree
Ore: leavesTree
Fluid: bop.liquidpoison
Fluid: bop.springwater
Fluid: bop.honey
Ore: plankWood
Ore: stickWood
Ore: stickWood
Ore: dyeBlue
Ore: dyeBrown
Ore: dyeGreen
Ore: dyeWhite
Ore: dyeBlack
Ore: gemRuby
Ore: gemOlivine
Ore: gemPeridot
Ore: gemTopaz
Ore: gemTanzanite
Ore: gemMalachite
Ore: gemSapphire
Ore: oreRuby
Ore: oreTopaz
Ore: oreOlivine
Ore: orePeridot
Ore: oreTanzanite
Ore: oreMalachite
Ore: oreSapphire
Ore: treeSapling
Ore: treeSapling
Ore: logWood
Ore: logWood
Ore: logWood
Ore: logWood
Ore: logWood
Ore: logWood
Ore: logWood
Ore: logWood
Ore: logWood
Ore: logWood
Ore: logWood
Ore: logWood
Ore: logWood
Ore: logWood
Ore: logWood
Ore: slabWood
Ore: slabWood
Ore: stairWood
Ore: stairWood
Ore: stairWood
Ore: stairWood
Ore: stairWood
Ore: stairWood
Ore: stairWood
Ore: stairWood
Ore: stairWood
Ore: stairWood
Ore: stairWood
Ore: stairWood
Ore: stairWood
Ore: treeLeaves
Ore: treeLeaves
Ore: treeLeaves
Ore: treeLeaves
Ore: treeLeaves
Ore: treeLeaves
Ore: treeLeaves
Ore: treeLeaves
Fluid: milk
Fluid: sludge
Fluid: sewage
Fluid: mobessence
Fluid: biofuel
Fluid: meat
Fluid: pinkslime
Fluid: chocolatemilk
Fluid: mushroomsoup
Ore: gemApatite
Ore: ingotCopper
Ore: ingotTin
Ore: ingotBronze
Ore: brickPeat
Ore: dustAsh
Ore: gearBronze
Ore: gearCopper
Ore: gearTin
Ore: dustWood
Ore: pulpWood
Ore: itemBeeswax
Ore: cropCherry
Ore: cropWalnut
Ore: cropChestnut
Ore: cropLemon
Ore: cropPlum
Ore: cropDate
Ore: cropPapaya
Ore: oreApatite
Ore: oreCopper
Ore: oreTin
Ore: dropHoney
Ore: itemPollen
Ore: dropHoneydew
Ore: dropRoyalJelly
Ore: beeComb
Ore: treeSapling
Ore: logWood
Ore: logWood
Ore: logWood
Ore: logWood
Ore: logWood
Ore: logWood
Ore: logWood
Ore: plankWood
Ore: plankWood
Ore: slabWood
Ore: slabWood
Ore: slabWood
Fluid: hydrogen
Fluid: oxygen
Fluid: chlorine
Fluid: sulfurdioxidegas
Fluid: sulfurtrioxidegas
Fluid: sulfuricacid
Fluid: hydrogenchloride
Fluid: brine
Ore: oreYellorite
Ore: ingotYellorium
Ore: ingotCyanite
Ore: ingotGraphite
Ore: ingotBlutonium
Ore: dustYellorium
Ore: dustCyanite
Ore: dustGraphite
Ore: dustBlutonium
Ore: ingotUranium
Ore: ingotPlutonium
Ore: dustUranium
Ore: dustPlutonium
Ore: reactorCasing
Ore: reactorController
Ore: reactorPowerTap
Ore: reactorRedNetPort
Ore: reactorComputerPort
Ore: reactorRedstonePort
Ore: brSmallMachineCyaniteProcessor
Fluid: yellorium
Fluid: cyanite
Fluid: fuelcolumn
Ore: gemDiamond
Ore: gemEmerald
Ore: ingotIron
Ore: ingotGold
Ore: gemDiamond
Fluid: acid
Fluid: poison
Fluid: liquidnitrogen
Ore: logWood
Ore: logWood
Ore: logWood
Ore: logWood
Ore: logWood
Ore: logWood
Ore: logWood
Ore: logWood
Ore: logWood
Ore: logWood
Ore: logWood
Ore: logWood
Ore: logWood
Ore: logWood
Ore: logWood
Ore: logWood
Ore: logWood
Ore: logWood
Ore: logWood
Ore: logWood
Ore: logWood
Ore: logWood
Ore: logWood
Ore: logWood
Ore: logWood
Ore: logWood
Ore: logWood
Ore: logWood
Ore: logWood
Ore: logWood
Ore: logWood
Ore: logWood
Ore: logWood
Ore: logWood
Ore: logWood
Ore: logWood
Ore: logWood
Ore: logWood
Ore: logWood
Ore: logWood
Ore: plankWood
Ore: plankWood
Ore: plankWood
Ore: plankWood
Ore: plankWood
Ore: plankWood
Ore: plankWood
Ore: plankWood
Ore: plankWood
Ore: plankWood
Ore: plankWood
Ore: plankWood
Ore: plankWood
Ore: plankWood
Ore: plankWood
Ore: plankWood
Ore: plankWood
Ore: plankWood
Ore: plankWood
Ore: plankWood
Ore: plankWood
Ore: plankWood
Ore: plankWood
Ore: plankWood
Ore: plankWood
Ore: plankWood
Ore: plankWood
Ore: plankWood
Ore: plankWood
Ore: plankWood
Ore: plankWood
Ore: plankWood
Ore: plankWood
Ore: plankWood
Ore: plankWood
Fluid: sap
Fluid: resin
Fluid: latex
Fluid: turpentine
Ore: dustWood
Ore: pulpWood
Ore: cropApple
Ore: cropCrabapple
Ore: cropOrange
Ore: cropKumquat
Ore: cropLime
Ore: cropCherry
Ore: cropWildCherry
Ore: cropCherry
Ore: cropSourCherry
Ore: cropCherry
Ore: cropBlackCherry
Ore: cropBlackthorn
Ore: cropPlum
Ore: cropCherryPlum
Ore: cropAlmond
Ore: cropApricot
Ore: cropGrapefruit
Ore: cropPeach
Ore: cropSatsuma
Ore: cropOrange
Ore: cropBuddhaHand
Ore: cropCitron
Ore: cropCitron
Ore: cropLime
Ore: cropFingerLime
Ore: cropKeyLime
Ore: cropLime
Ore: cropOrange
Ore: cropManderin
Ore: cropPeach
Ore: cropNectarine
Ore: cropPomelo
Ore: cropTangerine
Ore: cropOrange
Ore: cropPear
Ore: cropSandPear
Ore: cropHazelnut
Ore: cropButternut
Ore: cropWalnut
Ore: cropBeechnut
Ore: cropPecan
Ore: cropBanana
Ore: cropRedBanana
Ore: cropBanana
Ore: cropPlantain
Ore: cropBrazilNut
Ore: cropFig
Ore: cropAcorn
Ore: cropElderberry
Ore: cropOlive
Ore: cropGingkoNut
Ore: cropCoffee
Ore: cropOsangeOrange
Ore: cropClove
Ore: cropApple
Ore: cropHops
Ore: seedWheat
Ore: seedWheat
Ore: seedBarley
Ore: seedCorn
Ore: seedRye
Ore: seedRoasted
Ore: sludge
Ore: oreSilver
Ore: ingotSilver
Ore: ingotLead
Ore: blockSilver
Ore: blockLead
Ore: oreDarkIron
Ore: oreFzDarkIron
Ore: ingotDarkIron
Ore: ingotFzDarkIron
Ore: blockDarkIron
Ore: blockFzDarkIron
Ore: sulfuricAcid
Ore: bottleSulfuricAcid
Ore: aquaRegia
Fluid: fluxgoo
Ore: oreCinnabar
Ore: oreInfusedAir
Ore: oreInfusedFire
Ore: oreInfusedWater
Ore: oreInfusedEarth
Ore: oreInfusedOrder
Ore: oreInfusedEntropy
Ore: shardAir
Ore: shardFire
Ore: shardWater
Ore: shardEarth
Ore: shardOrder
Ore: shardEntropy
Ore: oreAmber
Ore: quicksilver
Ore: gemAmber
Ore: nuggetIron
Ore: nuggetCopper
Ore: nuggetTin
Ore: nuggetSilver
Ore: nuggetLead
Ore: nuggetThaumium
Ore: nuggetMercury
Ore: nuggetQuicksilver
Ore: ingotThaumium
Ore: clusterIron
Ore: clusterCopper
Ore: clusterTin
Ore: clusterSilver
Ore: clusterLead
Ore: clusterCinnabar
Ore: clusterGold
Ore: logWood
Ore: logWood
Ore: plankWood
Ore: plankWood
Fluid: creosote
Ore: nuggetIron
Ore: nuggetSteel
Ore: ingotSteel
Ore: fuelCoke
Ore: dustObsidian
Ore: dustSulfur
Ore: dustSaltpeter
Ore: dustCharcoal
Ore: blockSteel
Ore: oreSulfur
Ore: oreSaltpeter
Ore: oreDiamond
Ore: oreEmerald
Ore: oreLapis
Ore: oreFirestone
Ore: pipeMediumBronze
Ore: pipeMediumSteel
Ore: pipeMediumStainlessSteel
Ore: pipeMediumTungstenSteel
Ore: pipeSmallBronze
Ore: pipeSmallSteel
Ore: pipeSmallStainlessSteel
Ore: pipeSmallTungstenSteel
Ore: pipeLargeBronze
Ore: pipeLargeSteel
Ore: pipeLargeStainlessSteel
Ore: pipeLargeTungstenSteel
Ore: pipeMediumBrass
Ore: pipeMediumElectrum
Ore: pipeMediumPlatinum
Ore: pipeLargeBrass
Ore: pipeLargeElectrum
Ore: pipeLargePlatinum
Ore: cellEmpty
Ore: cellOxygen
Ore: cellLava
Ore: cellWater
Ore: cellCreosote
Ore: cellBioFuel
Ore: cellCoalFuel
Ore: cellUUMatter
Ore: cellConstructionFoam
Ore: bucketEmpty
Ore: bucketWater
Ore: bucketLava
Ore: bottleEmpty
Ore: bottleWater
Ore: plateAlloyIridium
Ore: plateAlloyAdvanced
Ore: plateAlloyCarbon
Ore: oreRedstone
Ore: oreNetherQuartz
Ore: oreGalena
Ore: oreIridium
Ore: oreRuby
Ore: oreSapphire
Ore: oreBauxite
Ore: orePyrite
Ore: oreCinnabar
Ore: oreSphalerite
Ore: oreTungstate
Ore: oreCooperite
Ore: oreOlivine
Ore: oreSodalite
Ore: oreTetrahedrite
Ore: oreCassiterite
Ore: oreNickel
Ore: gemIridium
Ore: gemEnderEye
Ore: gemEnderPearl
Ore: gemCoal
Ore: gemCharcoal
Ore: gemLapis
Ore: craftingQuartz
Ore: gemNetherQuartz
Ore: gemNetherStar
Ore: dustSugar
Ore: dustGunpowder
Ore: dustBlaze
Ore: stickBlaze
Ore: blockLapis
Ore: blockCoal
Ore: blockSilver
Ore: blockRuby
Ore: blockSapphire
Ore: blockAluminium
Ore: blockTitanium
Ore: blockChrome
Ore: blockSteel
Ore: blockBrass
Ore: blockLead
Ore: blockElectrum
Ore: blockZinc
Ore: blockOlivine
Ore: blockGreenSapphire
Ore: blockPlatinum
Ore: blockTungsten
Ore: blockNickel
Ore: blockInvar
Ore: blockOsmium
Ore: blockIridium
Ore: blockGarnetYellow
Ore: blockGarnetRed
Ore: craftingEnderChest
Ore: craftingIndustrialDiamond
Ore: glassReinforced
Ore: stoneObsidian
Ore: stoneMossy
Ore: cobblestone
Ore: stoneCobble
Ore: stoneBricks
Ore: stoneMossy
Ore: stoneCracked
Ore: stoneChiseled
Ore: stoneSand
Ore: stoneNetherrack
Ore: stoneNetherBrick
Ore: stoneEndstone
Ore: stoneGraniteBlack
Ore: stoneGraniteBlack
Ore: stoneGraniteBlack
Ore: stoneGraniteBlack
Ore: stoneGraniteBlack
Ore: stoneGraniteBlack
Ore: stoneGraniteBlack
Ore: stoneGraniteBlack
Ore: stoneGraniteRed
Ore: stoneGraniteRed
Ore: stoneGraniteRed
Ore: stoneGraniteRed
Ore: stoneGraniteRed
Ore: stoneGraniteRed
Ore: stoneGraniteRed
Ore: stoneGraniteRed
Ore: ingotHotTungstenSteel
Ore: ingotTungstenSteel
Ore: dyeBlue
Ore: plateMagnalium
Ore: dustWheat
Ore: plankWood
Ore: ingotIridium
Ore: ingotSilver
Ore: ingotAluminium
Ore: ingotTitanium
Ore: ingotChrome
Ore: ingotElectrum
Ore: ingotTungsten
Ore: ingotLead
Ore: ingotZinc
Ore: ingotBrass
Ore: ingotSteel
Ore: ingotPlatinum
Ore: ingotNickel
Ore: ingotInvar
Ore: ingotOsmium
Ore: ingotAntimony
Ore: gemRuby
Ore: gemSapphire
Ore: gemGreenSapphire
Ore: blockLazurite
Ore: plateSilicon
Ore: gemOlivine
Ore: gemPeridot
Ore: ingotThorium
Ore: ingotPlutonium
Ore: ingotMagnalium
Ore: ingotSolderingAlloy
Ore: ingotBatteryAlloy
Ore: ingotUranium
Ore: ingotStainlessSteel
Ore: ingotCupronickel
Ore: ingotNichrome
Ore: ingotKanthal
Ore: gemGarnetRed
Ore: gemGarnet
Ore: gemGarnetYellow
Ore: plateGarnetYellow
Ore: plateGarnetRed
Ore: plateGarnet
Ore: plateIron
Ore: plateGold
Ore: craftingPlateSteel
Ore: plateStainlessSteel
Ore: plateTin
Ore: plateCopper
Ore: plateSilver
Ore: plateBronze
Ore: plateElectrum
Ore: plateNickel
Ore: plateInvar
Ore: plateLead
Ore: plateAluminium
Ore: plateChrome
Ore: plateTitanium
Ore: craftingPlateSteel
Ore: plateSteel
Ore: platePlatinum
Ore: plateTungsten
Ore: plateBrass
Ore: plateZinc
Ore: plateTungstenSteel
Ore: plateOsmium
Ore: plateIridium
Ore: plateBatteryAlloy
Ore: plateDiamond
Ore: plateEmerald
Ore: plateRuby
Ore: plateSapphire
Ore: plateGreenSapphire
Ore: plateOlivine
Ore: plateRedstone
Ore: plateLapis
Ore: plateCoal
Ore: stickIron
Ore: stickGold
Ore: stickStainlessSteel
Ore: craftingToolSolderingMetal
Ore: stickTin
Ore: stickCopper
Ore: stickSilver
Ore: stickBronze
Ore: stickElectrum
Ore: stickNickel
Ore: stickInvar
Ore: stickLead
Ore: stickAluminium
Ore: stickChrome
Ore: stickTitanium
Ore: stickSteel
Ore: stickPlatinum
Ore: stickTungsten
Ore: stickBrass
Ore: stickZinc
Ore: stickTungstenSteel
Ore: stickOsmium
Ore: stickIridium
Ore: craftingLenseWhite
Ore: lenseDiamond
Ore: craftingLenseRed
Ore: lenseRuby
Ore: craftingLenseGreen
Ore: lenseEmerald
Ore: craftingLenseBlue
Ore: lenseSapphire
Ore: craftingLenseCyan
Ore: lenseGreenSapphire
Ore: craftingLenseYellow
Ore: lenseGarnetYellow
Ore: craftingLenseRed
Ore: lenseGarnetRed
Ore: lenseGarnet
Ore: craftingLenseLime
Ore: lenseOlivine
Ore: craftingLenseOrange
Ore: lenseAmber
Ore: craftingLensePurple
Ore: lenseTanzanite
Ore: craftingLenseOrange
Ore: lenseTopaz
Ore: boltIron
Ore: boltGold
Ore: boltStainlessSteel
Ore: boltTin
Ore: boltCopper
Ore: boltSilver
Ore: boltBronze
Ore: boltElectrum
Ore: boltNickel
Ore: boltInvar
Ore: boltLead
Ore: boltAluminium
Ore: boltChrome
Ore: boltTitanium
Ore: boltSteel
Ore: boltPlatinum
Ore: boltTungsten
Ore: boltBrass
Ore: boltZinc
Ore: boltTungstenSteel
Ore: boltOsmium
Ore: boltIridium
Ore: screwIron
Ore: screwGold
Ore: screwStainlessSteel
Ore: screwTin
Ore: screwCopper
Ore: screwSilver
Ore: screwBronze
Ore: screwElectrum
Ore: screwNickel
Ore: screwInvar
Ore: screwLead
Ore: screwAluminium
Ore: screwChrome
Ore: screwTitanium
Ore: screwSteel
Ore: screwPlatinum
Ore: screwTungsten
Ore: screwBrass
Ore: screwZinc
Ore: screwTungstenSteel
Ore: screwOsmium
Ore: screwIridium
Ore: roundIron
Ore: roundGold
Ore: roundStainlessSteel
Ore: roundTin
Ore: roundCopper
Ore: roundSilver
Ore: roundBronze
Ore: roundElectrum
Ore: roundNickel
Ore: roundInvar
Ore: roundLead
Ore: roundAluminium
Ore: roundChrome
Ore: roundTitanium
Ore: roundSteel
Ore: roundPlatinum
Ore: roundTungsten
Ore: roundBrass
Ore: roundZinc
Ore: roundTungstenSteel
Ore: roundOsmium
Ore: roundIridium
Ore: nuggetIridium
Ore: nuggetSilver
Ore: nuggetAluminium
Ore: nuggetTitanium
Ore: nuggetChrome
Ore: nuggetElectrum
Ore: nuggetTungsten
Ore: nuggetLead
Ore: nuggetZinc
Ore: nuggetBrass
Ore: nuggetSteel
Ore: nuggetPlatinum
Ore: nuggetNickel
Ore: nuggetInvar
Ore: nuggetOsmium
Ore: nuggetAntimony
Ore: nuggetIron
Ore: nuggetCopper
Ore: nuggetTin
Ore: nuggetBronze
Ore: dustEnderPearl
Ore: dustSmallEnderPearl
Ore: dustTinyEnderPearl
Ore: dustImpureEnderPearl
Ore: dustEnderEye
Ore: dustSmallEnderEye
Ore: dustTinyEnderEye
Ore: dustImpureEnderEye
Ore: dyeCyan
Ore: dustLazurite
Ore: dustSmallLazurite
Ore: dustTinyLazurite
Ore: dustImpureLazurite
Ore: dustPyrite
Ore: dustSmallPyrite
Ore: dustTinyPyrite
Ore: dustImpurePyrite
Ore: dustCalcite
Ore: dustSmallCalcite
Ore: dustTinyCalcite
Ore: dustImpureCalcite
Ore: dyeBlue
Ore: dustSodalite
Ore: dustSmallSodalite
Ore: dustTinySodalite
Ore: dustImpureSodalite
Ore: dustNetherrack
Ore: dustSmallNetherrack
Ore: dustTinyNetherrack
Ore: dustImpureNetherrack
Ore: dustFlint
Ore: dustSmallFlint
Ore: dustTinyFlint
Ore: dustImpureFlint
Ore: dustSulfur
Ore: dustSmallSulfur
Ore: dustTinySulfur
Ore: dustImpureSulfur
Ore: dustSaltpeter
Ore: dustSmallSaltpeter
Ore: dustTinySaltpeter
Ore: dustImpureSaltpeter
Ore: dustEndstone
Ore: dustSmallEndstone
Ore: dustTinyEndstone
Ore: dustImpureEndstone
Ore: dustCinnabar
Ore: dustSmallCinnabar
Ore: dustTinyCinnabar
Ore: dustImpureCinnabar
Ore: dustManganese
Ore: dustSmallManganese
Ore: dustTinyManganese
Ore: dustImpureManganese
Ore: dustMagnesium
Ore: dustSmallMagnesium
Ore: dustTinyMagnesium
Ore: dustImpureMagnesium
Ore: dustSphalerite
Ore: dustSmallSphalerite
Ore: dustTinySphalerite
Ore: dustImpureSphalerite
Ore: pulpWood
Ore: dustWood
Ore: dustSmallWood
Ore: dustTinyWood
Ore: dustImpureWood
Ore: dustUranium
Ore: dustSmallUranium
Ore: dustTinyUranium
Ore: dustImpureUranium
Ore: dustBauxite
Ore: dustSmallBauxite
Ore: dustTinyBauxite
Ore: dustImpureBauxite
Ore: dustAluminium
Ore: dustSmallAluminium
Ore: dustTinyAluminium
Ore: dustImpureAluminium
Ore: dustTitanium
Ore: dustSmallTitanium
Ore: dustTinyTitanium
Ore: dustImpureTitanium
Ore: dustChrome
Ore: dustSmallChrome
Ore: dustTinyChrome
Ore: dustImpureChrome
Ore: dustElectrum
Ore: dustSmallElectrum
Ore: dustTinyElectrum
Ore: dustImpureElectrum
Ore: dustTungsten
Ore: dustSmallTungsten
Ore: dustTinyTungsten
Ore: dustImpureTungsten
Ore: dustLead
Ore: dustSmallLead
Ore: dustTinyLead
Ore: dustImpureLead
Ore: dustZinc
Ore: dustSmallZinc
Ore: dustTinyZinc
Ore: dustImpureZinc
Ore: dustBrass
Ore: dustSmallBrass
Ore: dustTinyBrass
Ore: dustImpureBrass
Ore: dustSteel
Ore: dustSmallSteel
Ore: dustTinySteel
Ore: dustImpureSteel
Ore: dustPlatinum
Ore: dustSmallPlatinum
Ore: dustTinyPlatinum
Ore: dustImpurePlatinum
Ore: dustNickel
Ore: dustSmallNickel
Ore: dustTinyNickel
Ore: dustImpureNickel
Ore: dustInvar
Ore: dustSmallInvar
Ore: dustTinyInvar
Ore: dustImpureInvar
Ore: dustOsmium
Ore: dustSmallOsmium
Ore: dustTinyOsmium
Ore: dustImpureOsmium
Ore: dustAntimony
Ore: dustSmallAntimony
Ore: dustTinyAntimony
Ore: dustImpureAntimony
Ore: dustRuby
Ore: dustSmallRuby
Ore: dustTinyRuby
Ore: dustImpureRuby
Ore: dustSapphire
Ore: dustSmallSapphire
Ore: dustTinySapphire
Ore: dustImpureSapphire
Ore: dustGreenSapphire
Ore: dustSmallGreenSapphire
Ore: dustTinyGreenSapphire
Ore: dustImpureGreenSapphire
Ore: dustEmerald
Ore: dustSmallEmerald
Ore: dustTinyEmerald
Ore: dustImpureEmerald
Ore: dustDiamond
Ore: dustSmallDiamond
Ore: dustTinyDiamond
Ore: dustImpureDiamond
Ore: dustOlivine
Ore: dustSmallOlivine
Ore: dustTinyOlivine
Ore: dustImpureOlivine
Ore: dustCupronickel
Ore: dustSmallCupronickel
Ore: dustTinyCupronickel
Ore: dustImpureCupronickel
Ore: dustNichrome
Ore: dustSmallNichrome
Ore: dustTinyNichrome
Ore: dustImpureNichrome
Ore: dustKanthal
Ore: dustSmallKanthal
Ore: dustTinyKanthal
Ore: dustImpureKanthal
Ore: dustStainlessSteel
Ore: dustSmallStainlessSteel
Ore: dustTinyStainlessSteel
Ore: dustImpureStainlessSteel
Ore: dustGalena
Ore: dustSmallGalena
Ore: dustTinyGalena
Ore: dustImpureGalena
Ore: dustPhosphorus
Ore: dustSmallPhosphorus
Ore: dustTinyPhosphorus
Ore: dustImpurePhosphorus
Ore: dustObsidian
Ore: dustSmallObsidian
Ore: dustTinyObsidian
Ore: dustImpureObsidian
Ore: dustCharcoal
Ore: dustSmallCharcoal
Ore: dustTinyCharcoal
Ore: dustImpureCharcoal
Ore: dustGarnetRed
Ore: dustGarnet
Ore: dustSmallGarnetRed
Ore: dustSmallGarnet
Ore: dustTinyGarnetRed
Ore: dustTinyGarnet
Ore: dustImpureGarnetRed
Ore: dustImpureGarnet
Ore: dustGarnetYellow
Ore: dustSmallGarnetYellow
Ore: dustTinyGarnetYellow
Ore: dustImpureGarnetYellow
Ore: dustPyrope
Ore: dustSmallPyrope
Ore: dustTinyPyrope
Ore: dustImpurePyrope
Ore: dustAlmandine
Ore: dustSmallAlmandine
Ore: dustTinyAlmandine
Ore: dustImpureAlmandine
Ore: dustSpessartine
Ore: dustSmallSpessartine
Ore: dustTinySpessartine
Ore: dustImpureSpessartine
Ore: dustAndradite
Ore: dustSmallAndradite
Ore: dustTinyAndradite
Ore: dustImpureAndradite
Ore: dustGrossular
Ore: dustSmallGrossular
Ore: dustTinyGrossular
Ore: dustImpureGrossular
Ore: dustUvarovite
Ore: dustSmallUvarovite
Ore: dustTinyUvarovite
Ore: dustImpureUvarovite
Ore: dustAsh
Ore: dustSmallAsh
Ore: dustTinyAsh
Ore: dustImpureAsh
Ore: dustDarkAsh
Ore: dustSmallDarkAsh
Ore: dustTinyDarkAsh
Ore: dustImpureDarkAsh
Ore: dustRedrock
Ore: dustSmallRedrock
Ore: dustTinyRedrock
Ore: dustImpureRedrock
Ore: dustMarble
Ore: dustSmallMarble
Ore: dustTinyMarble
Ore: dustImpureMarble
Ore: dustBasalt
Ore: dustSmallBasalt
Ore: dustTinyBasalt
Ore: dustImpureBasalt
Ore: dustIridium
Ore: dustSmallIridium
Ore: dustTinyIridium
Ore: dustImpureIridium
Ore: dustGraniteBlack
Ore: dustSmallGraniteBlack
Ore: dustTinyGraniteBlack
Ore: dustImpureGraniteBlack
Ore: dustGraniteRed
Ore: dustSmallGraniteRed
Ore: dustTinyGraniteRed
Ore: dustImpureGraniteRed
Ore: dustPotassiumFeldspar
Ore: dustSmallPotassiumFeldspar
Ore: dustTinyPotassiumFeldspar
Ore: dustImpurePotassiumFeldspar
Ore: dustBiotite
Ore: dustSmallBiotite
Ore: dustTinyBiotite
Ore: dustImpureBiotite
Ore: dustThorium
Ore: dustSmallThorium
Ore: dustTinyThorium
Ore: dustImpureThorium
Ore: dustPlutonium
Ore: dustSmallPlutonium
Ore: dustTinyPlutonium
Ore: dustImpurePlutonium
Ore: dyeBlue
Ore: dustLapis
Ore: dustSmallLapis
Ore: dustTinyLapis
Ore: dustImpureLapis
Ore: dustTetrahedrite
Ore: dustSmallTetrahedrite
Ore: dustTinyTetrahedrite
Ore: dustImpureTetrahedrite
Ore: dustCoal
Ore: dustSmallCoal
Ore: dustTinyCoal
Ore: dustImpureCoal
Ore: dustIron
Ore: dustSmallIron
Ore: dustTinyIron
Ore: dustImpureIron
Ore: dustGold
Ore: dustSmallGold
Ore: dustTinyGold
Ore: dustImpureGold
Ore: dustCopper
Ore: dustSmallCopper
Ore: dustTinyCopper
Ore: dustImpureCopper
Ore: dustTin
Ore: dustSmallTin
Ore: dustTinyTin
Ore: dustImpureTin
Ore: dustBronze
Ore: dustSmallBronze
Ore: dustTinyBronze
Ore: dustImpureBronze
Ore: dustSilver
Ore: dustSmallSilver
Ore: dustTinySilver
Ore: dustImpureSilver
Ore: dustClay
Ore: dustSmallClay
Ore: dustTinyClay
Ore: dustImpureClay
Ore: dustSmallGunpowder
Ore: dustTinyGunpowder
Ore: dustSmallRedstone
Ore: dustTinyRedstone
Ore: dustSmallGlowstone
Ore: dustTinyGlowstone
Ore: dustSmallBlaze
Ore: dustTinyBlaze
Ore: cellHydrogen
Ore: cellDeuterium
Ore: cellTritium
Ore: cellHelium
Ore: cellTungsten
Ore: cellLithium
Ore: cellHelium_3
Ore: cellSilicon
Ore: cellCarbon
Ore: cellMethane
Ore: cellBeryllium
Ore: cellCalcium
Ore: cellSodium
Ore: cellChlorine
Ore: cellPotassium
Ore: cellNitrogen
Ore: cellMercury
Ore: cellOil
Ore: cellFuel
Ore: cellEthanol
Ore: cellBiomass
Ore: cellNitroFuel
Ore: cellIce
Ore: cellSeedOil
Ore: cellSodiumPersulfate
Ore: cellCalcite
Ore: cellGlyceryl
Ore: cellNitroCoalFuel
Ore: cellSulfur
Ore: cellSodiumSulfide
Ore: cellNitrogenDioxide
Ore: cellNitroCarbon
Ore: cellSulfuricAcid
Ore: cellPlasmaHelium
Ore: craftingCircuitTier07
Ore: circuitMaster
Ore: craftingCircuitTier06
Ore: circuitElite
Ore: craftingCircuitTier05
Ore: circuitData
Ore: circuitPartAdvanced
Ore: circuitBoardBasic
Ore: circuitBoardAdvanced
Ore: circuitBoardElite
Ore: craftingSuperconductor
Ore: craftingMonitorTier02
Ore: craftingConveyor
Ore: craftingPump
Ore: craftingSolarPanel
Ore: craftingItemValve
Ore: craftingDrain
Ore: craftingLiquidMeter
Ore: craftingItemMeter
Ore: crafting1kkEUStore
Ore: batteryElite
Ore: crafting10kkEUStore
Ore: batteryMaster
Ore: crafting100kkEUStore
Ore: batteryUltimate
Ore: craftingEnergyMeter
Ore: craftingDuctTape
Ore: craftingDiamondBlade
Ore: craftingGrinder
Ore: craftingHeatingCoilTier01
Ore: craftingHeatingCoilTier02
Ore: craftingHeatingCoilTier00
Ore: craftingMachineParts
Ore: craftingGrinder
Ore: craftingPneumaticGenerator
Ore: crafting100kEUStore
Ore: craftingLiBattery
Ore: calclavia:ADVANCED_BATTERY
Ore: batteryLithium
Ore: craftingHVTUpgrade
Ore: craftingEnergyCellUpgrade
Ore: craftingQuantumChestUpgrade
Ore: craftingWorkDetector
Ore: craftingWorkController
Ore: craftingRawMachineTier00
Ore: craftingRawMachineTier01
Ore: craftingRawMachineTier00
Ore: craftingRawMachineTier00
Ore: craftingRawMachineTier02
Ore: craftingRawMachineTier03
Ore: craftingRawMachineTier00
Ore: craftingRawMachineTier01
Ore: craftingRawMachineTier03
Ore: craftingRawMachineTier02
Ore: craftingTurbineBladeBronze
Ore: craftingTurbineBladeSteel
Ore: craftingTurbineBladeMagnalium
Ore: craftingTurbineBladeTungstenSteel
Ore: craftingTurbineBladeCarbon
Ore: craftingSprayCan
Ore: craftingWorkBench
Ore: craftingSolarPanelLV
Ore: craftingSolarPanelMV
Ore: craftingSolarPanelHV
Ore: craftingShutter
Ore: craftingSteamUpgrade
Ore: craftingSteamTank
Ore: craftingRedstoneReceiver
Ore: craftingRedstoneReceiver
Ore: craftingRedstoneTransmitter
Ore: craftingRedstoneTransmitter
Ore: craftingRedstoneConductor
Ore: craftingRedstoneSignalizer
Ore: craftingLock
Ore: craftingMuffler
Ore: gearIron
Ore: craftingGearTier01
Ore: gearBronze
Ore: craftingGearTier01
Ore: gearSteel
Ore: craftingGearTier02
Ore: gearTitanium
Ore: craftingGearTier03
Ore: gearTungstenSteel
Ore: craftingGearTier03
Ore: gearIridium
Ore: craftingGearTier04
Ore: gearStainlessSteel
Ore: craftingGearTier02
Ore: craftingToolCrowbar
Ore: craftingToolScrewdriver
Ore: craftingToolWrench
Ore: craftingToolWrench
Ore: craftingToolWrench
Ore: craftingToolWrench
Ore: craftingToolWrench
Ore: craftingToolWrench
Ore: craftingToolSoftHammer
Ore: craftingToolHardHammer
Ore: craftingToolHardHammer
Ore: craftingToolHardHammer
Ore: craftingToolHardHammer
Ore: craftingToolSolderingIron
Ore: craftingToolSolderingMetal
Ore: craftingToolSolderingMetal
Ore: craftingToolFile
Ore: craftingToolFile
Ore: craftingToolFile
Ore: craftingToolFile
Ore: dyeBlack
Ore: dyeRed
Ore: dyeGreen
Ore: dyeBrown
Ore: dyeBlue
Ore: dyePurple
Ore: dyeCyan
Ore: dyeLightGray
Ore: dyeGray
Ore: dyePink
Ore: dyeLime
Ore: dyeYellow
Ore: dyeLightBlue
Ore: dyeMagenta
Ore: dyeOrange
Ore: dyeWhite
Ore: craftingToolSaw
Ore: craftingToolSaw
Ore: craftingToolSaw
Ore: craftingToolSaw
Ore: craftingToolSaw
Ore: craftingToolSaw
Ore: craftingToolScrewdriver
Ore: craftingToolScrewdriver
Ore: plateIron
Ore: craftingPlateSteel
Ore: plateSteel
Ore: crafting100kEUStore
Ore: craftingLiBattery
Ore: calclavia:ADVANCED_BATTERY
Ore: batteryLithium
Ore: crafting100kEUStore
Ore: craftingLiBattery
Ore: calclavia:ADVANCED_BATTERY
Ore: batteryLithium
Ore: craftingCircuitTier08
Ore: circuitUltimate
Ore: crafting10kEUStore
Ore: calclavia:BATTERY
Ore: batteryBasic
Ore: crafting10kEUStore
Ore: calclavia:BATTERY
Ore: batteryBasic
Ore: crafting100kEUStore
Ore: calclavia:ADVANCED_BATTERY
Ore: batteryAdvanced
Ore: crafting60kEUPack
Ore: crafting300kEUPack
Ore: crafting600kEUPack
Ore: crafting1kkEUStore
Ore: batteryElite
Ore: crafting10kkEUStore
Ore: batteryMaster
Ore: crafting100kkEUStore
Ore: batteryUltimate
Ore: crafting100kkEUPack
Ore: crafting10kCoolantStore
Ore: crafting30kCoolantStore
Ore: crafting60kCoolantStore
Ore: crafting60kCoolantStore
Ore: crafting60kCoolantStore
Ore: crafting180kCoolantStore
Ore: crafting180kCoolantStore
Ore: crafting360kCoolantStore
Ore: crafting360kCoolantStore
Ore: wireCopper
Ore: craftingWireCopper
Ore: craftingWireGold
Ore: craftingWireIron
Ore: craftingWireTin
Ore: craftingRawMachineTier00
Ore: craftingRawMachineTier01
Ore: craftingRawMachineTier00
Ore: craftingRawMachineTier01
Ore: craftingRawMachineTier04
Ore: craftingRedstoneTorch
Ore: craftingRedstoneTorch
Ore: computerBasic
Ore: computerMaster
Ore: craftingWorkBench
Ore: craftingWorkBench
Ore: craftingPiston
Ore: craftingPiston
Ore: craftingSafe
Ore: craftingSafe
Ore: craftingChest
Ore: craftingChest
Ore: craftingFurnace
Ore: craftingFurnace
Ore: craftingPump
Ore: craftingElectromagnet
Ore: craftingTeleporter
Ore: craftingMacerator
Ore: craftingMacerator
Ore: craftingExtractor
Ore: craftingExtractor
Ore: craftingCompressor
Ore: craftingCompressor
Ore: craftingRecycler
Ore: craftingRecycler
Ore: craftingIronFurnace
Ore: craftingCentrifuge
Ore: craftingInductionFurnace
Ore: craftingElectricFurnace
Ore: craftingElectricFurnace
Ore: craftingGenerator
Ore: craftingGeothermalGenerator
Ore: craftingSolarPanel
Ore: craftingMVTUpgrade
Ore: paperEmpty
Ore: paperMap
Ore: paperMap
Ore: bookEmpty
Ore: bookWritable
Ore: bookWritten
Ore: bookEnchanted
Ore: dustCoal
Ore: dustIron
Ore: dustGold
Ore: dustCopper
Ore: dustTin
Ore: dustEnderPearl
Ore: itemSilicon
Ore: gearStone
Ore: glass
Ore: glassHardened
Ore: glass
Ore: oreSulfur
Ore: dustSulfur
Ore: oreCopper
Ore: oreCopper
Ore: oreTin
Ore: oreTin
Ore: oreAluminum
Ore: oreAluminium
Ore: oreNaturalAluminum
Ore: oreSilicon
Ore: oreCheese
Ore: ingotCopper
Ore: ingotTin
Ore: ingotAluminium
Ore: ingotAluminum
Ore: compressedCopper
Ore: compressedTin
Ore: compressedAluminum
Ore: compressedSteel
Ore: compressedBronze
Ore: compressedIron
Ore: waferSolar
Ore: waferBasic
Ore: waferAdvanced
Ore: plateMeteoricIron
Ore: ingotMeteoricIron
Fluid: bacterialsludge
Fluid: mutagen
Ore: toolPot
Ore: toolSkillet
Ore: toolSaucepan
Ore: toolBakeware
Ore: toolCuttingboard
Ore: toolMortarandpestle
Ore: toolMixingbowl
Ore: toolJuicer
Ore: listAllveggie
Ore: listAllgreenveggie
Ore: cropAsparagus
Ore: seedAsparagus
Ore: listAllseed
Ore: foodGrilledasparagus
Ore: listAllgrain
Ore: cropBarley
Ore: seedBarley
Ore: listAllseed
Ore: cropBean
Ore: listAllveggie
Ore: seedBean
Ore: listAllseed
Ore: cropBeet
Ore: listAllveggie
Ore: seedBeet
Ore: listAllseed
Ore: cropBroccoli
Ore: listAllveggie
Ore: listAllgreenveggie
Ore: seedBroccoli
Ore: listAllseed
Ore: cropCauliflower
Ore: listAllveggie
Ore: seedCauliflower
Ore: listAllseed
Ore: cropCelery
Ore: listAllveggie
Ore: listAllgreenveggie
Ore: seedCelery
Ore: listAllseed
Ore: listAllberry
Ore: listAllfruit
Ore: cropCranberry
Ore: seedCranberry
Ore: listAllseed
Ore: cropGarlic
Ore: listAllherb
Ore: seedGarlic
Ore: listAllseed
Ore: cropGinger
Ore: listAllspice
Ore: seedGinger
Ore: listAllseed
Ore: cropLeek
Ore: listAllveggie
Ore: seedLeek
Ore: listAllseed
Ore: cropLettuce
Ore: listAllveggie
Ore: listAllgreenveggie
Ore: seedLettuce
Ore: listAllseed
Ore: cropOats
Ore: listAllgrain
Ore: seedOats
Ore: listAllseed
Ore: cropOnion
Ore: listAllveggie
Ore: seedOnion
Ore: listAllseed
Ore: cropParsnip
Ore: listAllveggie
Ore: listAllrootveggie
Ore: seedParsnip
Ore: listAllseed
Ore: listAllnut
Ore: cropPeanut
Ore: seedPeanut
Ore: listAllseed
Ore: cropPineapple
Ore: listAllfruit
Ore: seedPineapple
Ore: listAllseed
Ore: cropRadish
Ore: listAllveggie
Ore: listAllrootveggie
Ore: seedRadish
Ore: listAllseed
Ore: cropRice
Ore: seedRice
Ore: foodRicecake
Ore: cropRutabaga
Ore: listAllveggie
Ore: listAllrootveggie
Ore: seedRutabaga
Ore: cropRye
Ore: listAllgrain
Ore: seedRye
Ore: listAllseed
Ore: cropScallion
Ore: listAllveggie
Ore: seedScallion
Ore: listAllseed
Ore: cropSoybean
Ore: listAllveggie
Ore: seedSoybean
Ore: listAllseed
Ore: listAllgreenveggie
Ore: listAllspice
Ore: cropSpiceleaf
Ore: seedSpiceleaf
Ore: listAllseed
Ore: listAllseed
Ore: cropSunflower
Ore: seedSunflower
Ore: listAllseed
Ore: cropSweetpotato
Ore: listAllveggie
Ore: listAllrootveggie
Ore: seedSweetpotato
Ore: listAllseed
Ore: cropTea
Ore: seedTea
Ore: listAllseed
Ore: foodTea
Ore: cropTurnip
Ore: listAllveggie
Ore: listAllrootveggie
Ore: seedTurnip
Ore: listAllseed
Ore: listAllveggie
Ore: listAllmushroom
Ore: cropWhitemushroom
Ore: seedWhitemushroom
Ore: listAllseed
Ore: cropArtichoke
Ore: listAllveggie
Ore: listAllgreenveggie
Ore: seedArtichoke
Ore: cropBellpepper
Ore: listAllpepper
Ore: listAllveggie
Ore: seedBellpepper
Ore: listAllseed
Ore: listAllberry
Ore: listAllfruit
Ore: cropBlackberry
Ore: seedBlackberry
Ore: listAllseed
Ore: listAllberry
Ore: listAllfruit
Ore: cropBlueberry
Ore: seedBlueberry
Ore: listAllseed
Ore: cropBrusselsprout
Ore: listAllveggie
Ore: listAllgreenveggie
Ore: seedBrusselsprout
Ore: cropCabbage
Ore: listAllveggie
Ore: listAllgreenveggie
Ore: seedCabbage
Ore: listAllfruit
Ore: cropCactusfruit
Ore: seedCactusfruit
Ore: listAllseed
Ore: cropCantaloupe
Ore: listAllfruit
Ore: seedCantaloupe
Ore: listAllseed
Ore: cropChilipepper
Ore: listAllpepper
Ore: seedChilipepper
Ore: listAllseed
Ore: cropCoffee
Ore: seedCoffee
Ore: listAllseed
Ore: foodCoffee
Ore: cropCorn
Ore: listAllveggie
Ore: seedCorn
Ore: listAllseed
Ore: cropCucumber
Ore: listAllveggie
Ore: listAllgreenveggie
Ore: seedCucumber
Ore: listAllseed
Ore: cropEggplant
Ore: listAllveggie
Ore: seedEggplant
Ore: listAllseed
Ore: foodGrilledeggplant
Ore: listAllfruit
Ore: cropGrape
Ore: seedGrape
Ore: listAllseed
Ore: foodRaisins
Ore: listAllfruit
Ore: cropKiwi
Ore: seedKiwi
Ore: listAllseed
Ore: cropMustard
Ore: listAllspice
Ore: seedMustard
Ore: listAllseed
Ore: cropOkra
Ore: listAllveggie
Ore: listAllgreenveggie
Ore: seedOkra
Ore: cropPeas
Ore: listAllveggie
Ore: listAllgreenveggie
Ore: seedPeas
Ore: listAllseed
Ore: listAllberry
Ore: listAllfruit
Ore: cropRaspberry
Ore: seedRaspberry
Ore: listAllseed
Ore: cropRhubarb
Ore: listAllveggie
Ore: seedRhubarb
Ore: listAllseed
Ore: cropSeaweed
Ore: listAllveggie
Ore: listAllgreenveggie
Ore: seedSeaweed
Ore: listAllseed
Ore: listAllfruit
Ore: listAllberry
Ore: cropStrawberry
Ore: seedStrawberry
Ore: listAllseed
Ore: cropTomato
Ore: listAllveggie
Ore: seedTomato
Ore: listAllseed
Ore: cropWintersquash
Ore: listAllveggie
Ore: seedWintersquash
Ore: listAllseed
Ore: cropZucchini
Ore: listAllveggie
Ore: listAllgreenveggie
Ore: seedZucchini
Ore: listAllseed
Ore: cropBambooshoot
Ore: listAllveggie
Ore: seedBambooshoot
Ore: listAllseed
Ore: cropAvocado
Ore: cropBanana
Ore: listAllfruit
Ore: cropCherry
Ore: listAllfruit
Ore: cropCinnamon
Ore: cropCoconut
Ore: foodToastedcoconut
Ore: cropDragonfruit
Ore: listAllfruit
Ore: cropLemon
Ore: listAllfruit
Ore: cropLime
Ore: listAllfruit
Ore: cropMango
Ore: listAllfruit
Ore: cropNutmeg
Ore: cropOlive
Ore: cropOrange
Ore: listAllfruit
Ore: cropPapaya
Ore: listAllfruit
Ore: cropPeach
Ore: listAllfruit
Ore: cropPear
Ore: listAllfruit
Ore: cropPeppercorn
Ore: cropPlum
Ore: listAllfruit
Ore: cropPomegranate
Ore: listAllfruit
Ore: cropStarfruit
Ore: listAllfruit
Ore: cropVanillabean
Ore: foodVanilla
Ore: cropWalnut
Ore: listAllnut
Ore: foodSalt
Ore: foodFlour
Ore: foodDough
Ore: foodToast
Ore: foodPasta
Ore: foodHeavycream
Ore: foodButter
Ore: foodCheese
Ore: foodIcecream
Ore: foodGrilledchese
Ore: foodApplesauce
Ore: foodApplejuice
Ore: listAlljuice
Ore: foodApplepie
Ore: foodCaramelapple
Ore: foodPumpkinbread
Ore: foodRoastedpumpkinseeds
Ore: foodPumpkinsoup
Ore: foodMelonjuice
Ore: listAlljuice
Ore: foodMelonsmoothie
Ore: listAllsmoothie
Ore: foodCarrotjuice
Ore: foodCarrotcake
Ore: foodCarrotsoup
Ore: foodGlazedcarrots
Ore: foodButteredpotato
Ore: foodLoadedbakedpotato
Ore: foodMashedpotatoes
Ore: foodPotatosalad
Ore: foodPotatosoup
Ore: foodFries
Ore: foodGrilledmushroom
Ore: foodStuffedmushroom
Ore: foodChickensandwich
Ore: foodChickennoodlesoup
Ore: foodChickenpotpie
Ore: foodBreadedporkchop
Ore: foodHotdog
Ore: foodBakedham
Ore: foodHamburger
Ore: foodCheeseburger
Ore: foodBaconcheeseburger
Ore: foodPotroast
Ore: foodFishsandwich
Ore: foodFishsticks
Ore: foodFishandchips
Ore: foodMayo
Ore: foodFriedegg
Ore: foodScrambledegg
Ore: foodBoiledegg
Ore: foodEggsalad
Ore: foodCaramel
Ore: foodTaffy
Ore: foodSpidereyesoup
Ore: foodZombiejerky
Ore: foodCocoapowder
Ore: foodChocolatebar
Ore: foodHotchocolate
Ore: foodChocolateicecream
Ore: foodVegetablesoup
Ore: foodStock
Ore: foodFruitsalad
Ore: foodSpagetti
Ore: foodSpagettiandmeatballs
Ore: foodTomatosoup
Ore: foodKetchup
Ore: foodChickenparmasan
Ore: foodPizza
Ore: foodSpringsalad
Ore: foodPorklettucewrap
Ore: foodFishlettucewrap
Ore: foodBlt
Ore: foodLeafychickensandwich
Ore: foodLeafyfishsandwich
Ore: foodDeluxecheeseburger
Ore: foodDelightedmeal
Ore: foodOnionsoup
Ore: foodPotatocakes
Ore: foodHash
Ore: foodBraisedonions
Ore: foodHeartyBreakfast
Ore: foodCornonthecob
Ore: foodCornmeal
Ore: foodCornbread
Ore: foodTortilla
Ore: foodNachoes
Ore: foodTaco
Ore: foodFishtaco
Ore: foodCreamedcorn
Ore: foodStrawberrysmoothie
Ore: listAllsmoothie
Ore: foodStrawberrypie
Ore: foodStrawberrysalad
Ore: foodStrawberryjuice
Ore: listAlljuice
Ore: foodChocolatestrawberry
Ore: foodPeanutbutter
Ore: foodTrailmix
Ore: foodPbandj
Ore: foodPeanutbuttercookies
Ore: foodGrapejuice
Ore: listAlljuice
Ore: foodVinegar
Ore: foodGrapejelly
Ore: foodGrapesalad
Ore: foodRaisincookies
Ore: foodPickles
Ore: foodCucumbersalad
Ore: foodCucumbersoup
Ore: foodVegetarianlettucewrap
Ore: foodMarinatedcucumbers
Ore: foodRicesoup
Ore: foodFriedrice
Ore: foodMushroomrisotto
Ore: foodCurry
Ore: foodRainbowcurry
Ore: foodRefriedbeans
Ore: foodBakedbeans
Ore: foodBeansandrice
Ore: foodChili
Ore: foodBeanburrito
Ore: foodStuffedpepper
Ore: foodVeggiestirfry
Ore: foodGrilledskewers
Ore: foodSupremepizza
Ore: foodOmelet
Ore: foodHotwings
Ore: foodChilipoppers
Ore: foodExtremechili
Ore: foodChilichocolate
Ore: foodLemonaide
Ore: listAlljuice
Ore: foodLemonbar
Ore: foodFishdinner
Ore: foodLemonsmoothie
Ore: listAllsmoothie
Ore: foodLemonmeringue
Ore: foodCandiedlemon
Ore: foodLemonchicken
Ore: foodBlueberrysmoothie
Ore: listAllsmoothie
Ore: foodBlueberrypie
Ore: foodBlueberrymuffin
Ore: foodBlueberryjuice
Ore: listAlljuice
Ore: foodPancakes
Ore: foodBlueberrypancakes
Ore: foodCherryjuice
Ore: listAlljuice
Ore: foodCherrypie
Ore: foodChocolatecherry
Ore: foodCherrysmoothie
Ore: listAllsmoothie
Ore: foodCheesecake
Ore: foodCherrycheesecake
Ore: foodStuffedeggplant
Ore: foodEggplantparm
Ore: foodRaspberryicedtea
Ore: foodChaitea
Ore: foodEspresso
Ore: foodCoffeeconleche
Ore: foodMochaicecream
Ore: foodPickledbeets
Ore: foodBeetsalad
Ore: foodBeetsoup
Ore: foodBakedbeets
Ore: foodBroccolimac
Ore: foodBroccolindip
Ore: foodCreamedbroccolisoup
Ore: foodSweetpotatopie
Ore: foodCandiedsweetpotatoes
Ore: foodMashedsweetpotatoes
Ore: foodSteamedpeas
Ore: foodSplitpeasoup
Ore: foodPineappleupsidedowncake
Ore: foodPineappleham
Ore: foodPineappleyogurt
Ore: foodTurnipsoup
Ore: foodRoastedrootveggiemedley
Ore: foodBakedturnips
Ore: foodGingerbread
Ore: foodGingersnaps
Ore: foodCandiedginger
Ore: foodMustard
Ore: foodSoftpretzelandmustard
Ore: foodSpicymustardpork
Ore: foodSpicygreens
Ore: foodGarlicbread
Ore: foodGarlicmashedpotatoes
Ore: foodGarlicchicken
Ore: foodSummerradishsalad
Ore: foodSummersquashwithradish
Ore: foodCeleryandpeanutbutter
Ore: foodChickencelerycasserole
Ore: foodPeasandcelery
Ore: foodCelerysoup
Ore: foodZucchinibread
Ore: foodZucchinifries
Ore: foodZestyzucchini
Ore: foodZucchinibake
Ore: foodAsparagusquiche
Ore: foodAsparagussoup
Ore: foodWalnutraisinbread
Ore: foodCandiedwalnuts
Ore: foodBrownie
Ore: foodPapayajuice
Ore: listAlljuice
Ore: foodPapayasmoothie
Ore: listAllsmoothie
Ore: foodPapayayogurt
Ore: foodStarfruitjuice
Ore: listAlljuice
Ore: foodStarfruitsmoothie
Ore: listAllsmoothie
Ore: foodStarfruityogurt
Ore: foodGuacamole
Ore: foodCreamofavocadosoup
Ore: foodAvocadoburrito
Ore: foodPoachedpear
Ore: foodFruitcrumble
Ore: foodPearyogurt
Ore: foodPlumyogurt
Ore: foodBananasplit
Ore: foodBanananutbread
Ore: foodBananasmoothie
Ore: listAllsmoothie
Ore: foodBananayogurt
Ore: foodCoconutmilk
Ore: foodChickencurry
Ore: foodCoconutshrimp
Ore: foodCoconutyogurt
Ore: foodOrangejuice
Ore: listAlljuice
Ore: foodOrangechicken
Ore: foodOrangesmoothie
Ore: listAllsmoothie
Ore: foodOrangeyogurt
Ore: foodPeachjuice
Ore: listAlljuice
Ore: foodPeachcobbler
Ore: foodPeachsmoothie
Ore: listAllsmoothie
Ore: foodPeachyogurt
Ore: foodLimejuice
Ore: listAlljuice
Ore: foodKeylimepie
Ore: foodLimesmoothie
Ore: listAllsmoothie
Ore: foodLimeyogurt
Ore: foodMangojuice
Ore: listAlljuice
Ore: foodMangosmoothie
Ore: listAllsmoothie
Ore: foodMangoyogurt
Ore: foodPomegranatejuice
Ore: listAlljuice
Ore: foodPomegranatesmoothie
Ore: listAllsmoothie
Ore: foodPomegranateyogurt
Ore: foodVanillayogurt
Ore: foodCinnamonroll
Ore: foodFrenchtoast
Ore: foodMarshmellows
Ore: foodDonut
Ore: foodChocolatedonut
Ore: foodPowdereddonut
Ore: foodJellydonut
Ore: foodFrosteddonut
Ore: foodCactussoup
Ore: foodWaffles
Ore: foodSeedsoup
Ore: foodSoftpretzel
Ore: foodJellybeans
Ore: foodBiscuit
Ore: foodCreamcookie
Ore: foodJaffa
Ore: foodFriedchicken
Ore: foodChocolatesprinklecake
Ore: foodRedvelvetcake
Ore: foodFootlong
Ore: foodBlueberryyogurt
Ore: foodLemonyogurt
Ore: foodCherryyogurt
Ore: foodStrawberryyogurt
Ore: foodGrapeyogurt
Ore: foodChocolateyogurt
Ore: foodBlackberryjuice
Ore: listAlljuice
Ore: foodBlackberrycobbler
Ore: foodBlackberrysmoothie
Ore: listAllsmoothie
Ore: foodBlackberryyogurt
Ore: foodChocolatemilk
Ore: foodPumpkinyogurt
Ore: foodRaspberryjuice
Ore: listAlljuice
Ore: foodRaspberrypie
Ore: foodRaspberrysmoothie
Ore: listAllsmoothie
Ore: foodRaspberryyogurt
Ore: foodCinnamonsugardonut
Ore: foodMelonyogurt
Ore: foodKiwijuice
Ore: listAlljuice
Ore: foodKiwismoothie
Ore: listAllsmoothie
Ore: foodKiwiyogurt
Ore: foodPlainyogurt
Ore: foodAppleyogurt
Ore: foodSaltedsunflowerseeds
Ore: foodSunflowerwheatrolls
Ore: foodSunflowerbroccolisalad
Ore: foodCranberryjuice
Ore: listAlljuice
Ore: foodCranberrysauce
Ore: foodCranberrybar
Ore: foodPeppermint
Ore: foodCactusfruitjuice
Ore: listAlljuice
Ore: foodBlackpepper
Ore: foodGroundcinnamon
Ore: foodGroundnutmeg
Ore: foodOliveoil
Ore: foodBaklava
Ore: foodGummybears
Ore: foodBaconmushroomburger
Ore: foodFruitpunch
Ore: foodMeatystew
Ore: foodMixedsalad
Ore: foodPinacolada
Ore: foodSaladdressing
Ore: foodShepardspie
Ore: foodEggnog
Ore: foodCustard
Ore: foodSushi
Ore: foodGardensoup
Ore: foodMuttonraw
Ore: foodMuttoncooked
Ore: foodCalamariraw
Ore: foodCalamaricooked
Ore: foodApplejelly
Ore: foodApplejellysandwich
Ore: foodBlackberryjelly
Ore: foodBlackberryjellysandwich
Ore: foodBlueberryjelly
Ore: foodBlueberryjellysandwich
Ore: foodCherryjelly
Ore: foodCherryjellysandwich
Ore: foodCranberryjelly
Ore: foodCranberryjellysandwich
Ore: foodKiwijelly
Ore: foodKiwijellysandwich
Ore: foodLemonjelly
Ore: foodLemonjellysandwich
Ore: foodLimejelly
Ore: foodLimejellysandwich
Ore: foodMangojelly
Ore: foodMangojellysandwich
Ore: foodOrangejelly
Ore: foodOrangejellysandwich
Ore: foodPapayajelly
Ore: foodPapayajellysandwich
Ore: foodPeachjelly
Ore: foodPeachjellysandwich
Ore: foodPomegranatejelly
Ore: foodPomegranatejellysandwich
Ore: foodRaspberryjelly
Ore: foodRaspberryjellysandwich
Ore: foodStarfruitjelly
Ore: foodStarfruitjellysandwich
Ore: foodStrawberryjelly
Ore: foodStrawberryjellysandwich
Ore: foodWatermelonjelly
Ore: foodWatermelonjellysandwich
Ore: foodBubblywater
Ore: foodCherrysoda
Ore: foodColasoda
Ore: foodGingersoda
Ore: foodGrapesoda
Ore: foodLemonlimesoda
Ore: foodOrangesoda
Ore: foodRootbeersoda
Ore: foodStrawberrysoda
Ore: foodCaramelicecream
Ore: foodMintchocolatechipicecream
Ore: foodStrawberryicecream
Ore: foodVanillaicecream
Ore: cropEdibleroot
Ore: foodGingerchicken
Ore: foodOldworldveggiesoup
Ore: foodSpicebun
Ore: foodGingeredrhubarbtart
Ore: foodLambbarleysoup
Ore: foodHoneylemonlamb
Ore: foodPumpkinoatscones
Ore: foodBeefjerky
Ore: foodPlumjuice
Ore: foodPearjuice
Ore: foodOvenroastedcauliflower
Ore: foodLeekbaconsoup
Ore: foodHerbbutterparsnips
Ore: foodScallionbakedpotato
Ore: foodSoymilk
Ore: foodFirmtofu
Ore: foodSilkentofu
Ore: cropCotton
Ore: seedCotton
Ore: materialCloth
Ore: cropCandle
Ore: seedCandleberry
Ore: materialPressedwax
Ore: materialHardenedleather
Ore: oreSalt
Ore: beeQueen
Ore: materialWaxcomb
Ore: materialHoneycomb
Ore: foodHoneydrop
Ore: dropHoney
Ore: materialPressedwax
Ore: listAllveggie
Ore: listAllveggie
Ore: listAllveggie
Ore: listAllseed
Ore: listAllseed
Ore: listAllseed
Ore: listAllgrain
Ore: listAllmushroom
Ore: listAllmushroom
Ore: cropApple
Ore: listAllfruit
Ore: listAllmeatraw
Ore: listAllmeatraw
Ore: listAllmeatraw
Ore: listAllmeatraw
Ore: listAllmeatraw
Ore: listAllmeatcooked
Ore: listAllmeatcooked
Ore: listAllmeatcooked
Ore: listAllmeatcooked
Ore: listAllmeatcooked
Ore: listAllfishraw
Ore: listAllfishraw
Ore: listAllfishraw
Ore: listAllfishcooked
Ore: listAllfishcooked
Ore: listAllfishcooked
Ore: listAllegg
Ore: listAllegg
Ore: listAllchickenraw
Ore: listAllchickenraw
Ore: listAllchickencooked
Ore: listAllchickencooked
Ore: listAllporkraw
Ore: listAllporkraw
Ore: listAllporkcooked
Ore: listAllporkcooked
Ore: listAllbeefraw
Ore: listAllbeefraw
Ore: listAllbeefcooked
Ore: listAllbeefcooked
Ore: listAllmuttonraw
Ore: listAllmuttonraw
Ore: listAllmuttoncooked
Ore: listAllmuttoncooked
Ore: listAllReplaceheavycream
Ore: listAllReplaceheavycream
Ore: listAllReplaceicecream
Ore: listAllReplaceicecream
Ore: listAllwater
Ore: listAllwater
Ore: listAllmilk
Ore: listAllmilk
Ore: listAllmilk
Ore: hambone
Ore: blockRubber
Fluid: iron.molten
Fluid: gold.molten
Fluid: copper.molten
Fluid: tin.molten
Fluid: aluminum.molten
Fluid: cobalt.molten
Fluid: ardite.molten
Fluid: bronze.molten
Fluid: aluminumbrass.molten
Fluid: manyullyn.molten
Fluid: alumite.molten
Fluid: obsidian.molten
Fluid: steel.molten
Fluid: glass.molten
Fluid: stone.seared
Fluid: emerald.liquid
Fluid: blood
Fluid: nickel.molten
Fluid: lead.molten
Fluid: silver.molten
Fluid: platinum.molten
Fluid: invar.molten
Fluid: electrum.molten
Fluid: ender
Fluid: slime.blue
Fluid: glue
Fluid: pigiron.molten
Ore: oreCobalt
Ore: oreArdite
Ore: oreCopper
Ore: oreTin
Ore: oreAluminum
Ore: oreAluminium
Ore: oreIron
Ore: oreGold
Ore: oreCobalt
Ore: oreCopper
Ore: oreTin
Ore: oreAluminum
Ore: oreAluminium
Ore: ingotCobalt
Ore: ingotArdite
Ore: ingotManyullyn
Ore: ingotCopper
Ore: ingotTin
Ore: ingotAluminum
Ore: ingotAluminium
Ore: ingotBronze
Ore: ingotAluminumBrass
Ore: ingotAluminiumBrass
Ore: ingotAlumite
Ore: ingotSteel
Ore: ingotObsidian
Ore: ingotPigIron
Ore: itemRawRubber
Ore: blockCobalt
Ore: blockArdite
Ore: blockManyullyn
Ore: blockCopper
Ore: blockBronze
Ore: blockTin
Ore: blockAluminum
Ore: blockAluminium
Ore: blockAluminumBrass
Ore: blockAluminiumBrass
Ore: blockAlumite
Ore: blockSteel
Ore: nuggetIron
Ore: nuggetIron
Ore: nuggetCopper
Ore: nuggetCopper
Ore: nuggetTin
Ore: nuggetTin
Ore: nuggetAluminum
Ore: nuggetAluminum
Ore: nuggetAluminium
Ore: nuggetAluminium
Ore: nuggetAluminumBrass
Ore: nuggetAluminiumBrass
Ore: nuggetObsidian
Ore: nuggetCobalt
Ore: nuggetArdite
Ore: nuggetManyullyn
Ore: nuggetBronze
Ore: nuggetAlumite
Ore: nuggetSteel
Ore: nuggetGold
Ore: nuggetPigIron
Ore: dustArdite
Ore: dustCobalt
Ore: dustAluminium
Ore: dustAluminum
Ore: dustManyullyn
Ore: dustAluminiumBrass
Ore: dustAluminumBrass
Ore: slabCloth
Ore: slabCloth
Ore: crafterWood
Ore: craftingTableWood
Ore: torchStone
Ore: woodRod
Ore: stoneRod
Ore: ironRod
Ore: flintRod
Ore: cactusRod
Ore: boneRod
Ore: obsidianRod
Ore: netherrackRod
Ore: slimeRod
Ore: paperRod
Ore: cobaltRod
Ore: arditeRod
Ore: manyullynRod
Ore: copperRod
Ore: bronzeRod
Ore: alumiteRod
Ore: steelRod
Ore: blueslimeRod
Ore: thaumiumRod
Ore: glassWhite
Ore: glassOrange
Ore: glassMagenta
Ore: glassLightBlue
Ore: glassYellow
Ore: glassLime
Ore: glassPink
Ore: glassGray
Ore: glassLightGray
Ore: glassCyan
Ore: glassPurple
Ore: glassBlue
Ore: glassBrown
Ore: glassGreen
Ore: glassRed
Ore: glassBlack
Ore: slimeball
Ore: slimeball
Ore: slimeball
Ore: slimeball
Ore: glass
Ore: glass
Ore: ingotIron
Ore: ingotGold
Ore: slimeball
Ore: gemDiamond
Ore: gemEmerald
Ore: chestWood
Ore: stickWood
Ore: obsidian
Ore: whiteStone
Ore: transdimBlock
Fluid: myst.ink.black
Ore: mb.magnet.level0
Ore: mb.magnet.level0
Ore: mb.magnet.level1
Ore: mb.magnet.level1
Ore: mb.magnet.level2
Ore: mb.magnet.level2
Ore: mb.magnet.level3
Ore: mb.magnet.level3
Ore: mb.magnet.level4
Ore: mb.magnet.level4
Ore: mb.magnet.level5
Ore: mb.magnet.level5
Ore: mb.magnet.level6
Ore: mb.magnet.level6
Ore: mb.magnet.level7
Ore: mb.magnet.level7
Ore: mb.magnet.level8
Ore: mb.magnet.level8
Ore: beeComb
Ore: waxMagical
Ore: waxMagical
Ore: nuggetIron
Ore: nuggetCopper
Ore: nuggetTin
Ore: nuggetSilver
Ore: nuggetLead
Ore: shardDiamond
Ore: shardEmerald
Ore: shardApatite
Fluid: fastwater
Ore: blockLimestone
Ore: oreCopper
Ore: oreAluminium
Ore: oreAluminum
Ore: oreRutile
Ore: blockAluminium
Ore: blockAluminum
Ore: blockCopper
Ore: blockMagnesium
Ore: blockTitanium
Ore: foodSalt
Ore: ingotAluminium
Ore: ingotAluminum
Ore: ingotCopper
Ore: ingotMagnesium
Ore: ingotRutile
Ore: ingotTitanium
Fluid: food.fish
Fluid: oil.fish
Fluid: custard
Ore: plantKelp
Ore: dyeYellow
Ore: dyeRed
Ore: dyeBrown
Ore: dyeGreen
Ore: dyeWhite
Ore: coralLightBlue
Ore: coralYellow
Ore: coralMagenta
Ore: coralBrown
Ore: coralOrange
Ore: coralPink
Ore: coralPurple
Ore: coralRed
Ore: coralWhite
Ore: coralGray
Ore: coralLightGray
Ore: ingotUranium
Ore: ingotIridium
Ore: solarPanelHV
Ore: sunnariumPart
Ore: sunnarium
Ore: itemSuperconductor
Fluid: fortron
Fluid: xpjuice
Ore: oc:craftingCable
Ore: oc:craftingCapacitor
Ore: oc:craftingCaseTier1
Ore: oc:craftingCaseTier2
Ore: oc:craftingCaseTier3
Ore: oc:craftingDiskDrive
Ore: oc:craftingKeyboard
Ore: oc:craftingPowerDistributor
Ore: oc:craftingRouter
Ore: oc:craftingScreenTier1
Ore: oc:craftingScreenTier2
Ore: oc:craftingScreenTier3
Ore: torchRedstoneActive
Ore: oc:craftingCircuitBoardRaw
Ore: oc:craftingCircuitBoard
Ore: oc:craftingCircuitBoardPrinted
Ore: oc:craftingCard
Ore: oc:craftingWire
Ore: oc:circuitTier1
Ore: oc:circuitTier2
Ore: oc:circuitTier3
Ore: oc:craftingTransistor
Ore: oc:craftingCU
Ore: oc:craftingALU
Ore: oc:craftingCPUTier1
Ore: oc:craftingCPUTier2
Ore: oc:craftingCPUTier3
Ore: oc:componentCardRedstone
Ore: oc:componentCardLan
Ore: oc:componentCardWLan
Ore: oc:craftingGPUTier1
Ore: oc:craftingGPUTier2
Ore: oc:craftingGPUTier3
Ore: oc:craftingRAMTier1
Ore: oc:craftingRAMTier2
Ore: oc:craftingRAMTier3
Ore: oc:craftingRAMTier4
Ore: oc:craftingRAMTier5
Ore: oc:craftingHDDTier1
Ore: oc:craftingHDDTier2
Ore: oc:craftingHDDTier3
Ore: oc:craftingButtonGroup
Ore: oc:craftingArrowKey
Ore: oc:craftingNumPad
Ore: oc:craftingDisk
Ore: oc:craftingAcid
Ore: oc:craftingGenerator
Ore: oc:craftingSolarGenerator
Found ConfigField creosote_fermentation
Ore: stickObsidian
Ore: obsidianRod
Ore: glass
Ore: glass
Ore: glass
Ore: glass
Ore: glass
Ore: glass
Ore: glass
Ore: glass
Ore: glass
Ore: glass
Ore: glass
Ore: glass
Ore: glass
Ore: glass
Ore: glass
Ore: glass
Ore: stoneRod
Ore: oreNetherCoal
Ore: oreNetherDiamond
Ore: oreNetherGold
Ore: oreNetherIron
Ore: oreNetherLapis
Ore: oreNetherRedstone
Ore: oreNetherCopper
Ore: oreNetherTin
Ore: oreNetherEmerald
Ore: oreNetherSilver
Ore: oreNetherLead
Ore: oreNetherUranium
Ore: oreNetherNikolite
Ore: oreNetherRuby
Ore: oreNetherOlivine
Ore: oreNetherPeridot
Ore: oreNetherSapphire
Ore: oreNetherPlatinum
Ore: oreNetherNickel
Ore: oreNetherSteel
Ore: oreNetherIridium
Ore: oreNetherOsmium
Fluid: plastic
Ore: dustPlastic
Ore: sheetPlastic
Ore: blockPlastic
Ore: dustIron
Ore: dustGold
Ore: dustCoal
Ore: dustObsidian
Ore: dustCopper
Ore: dustTin
Ore: dustSilver
Ore: dustLead
Ore: dustNickel
Ore: dustPlatinum
Ore: dustElectrum
Ore: dustInvar
Ore: dustBronze
Ore: dustEnderium
Ore: ingotCopper
Ore: ingotTin
Ore: ingotSilver
Ore: ingotLead
Ore: ingotNickel
Ore: ingotPlatinum
Ore: ingotElectrum
Ore: ingotInvar
Ore: ingotBronze
Ore: ingotEnderium
Ore: nuggetCopper
Ore: nuggetTin
Ore: nuggetSilver
Ore: nuggetLead
Ore: nuggetNickel
Ore: nuggetPlatinum
Ore: nuggetElectrum
Ore: nuggetInvar
Ore: nuggetBronze
Ore: nuggetEnderium
Ore: dustSulfur
Ore: dustSaltpeter
Ore: crystalCinnabar
Ore: gearCopper
Ore: gearTin
Ore: gearElectrum
Ore: gearInvar
Ore: gearBronze
Ore: oreCopper
Ore: oreTin
Ore: oreSilver
Ore: oreLead
Ore: oreNickel
Ore: blockCopper
Ore: blockTin
Ore: blockSilver
Ore: blockLead
Ore: blockNickel
Ore: blockPlatinum
Ore: blockElectrum
Ore: blockInvar
Ore: blockBronze
Ore: blockEnderium
Ore: glassHardened
Fluid: redstone
Fluid: glowstone
Fluid: pyrotheum
Fluid: cryotheum
Fluid: coal
Ore: oreBlueTopaz
Ore: oreVinteum
Ore: oreChimerite
Ore: oreMoonstone
Ore: oreSunstone
Ore: blockBlueTopaz
Ore: blockVinteum
Ore: blockChimerite
Ore: blockMoonstone
Ore: blockSunstone
Ore: logWood
Ore: stairWood
Ore: plankWood
Ore: slabWood
Ore: oreCertusQuartz
Ore: craftingQuartz
Ore: gemCertusQuartz
Ore: crystalCertusQuartz
Ore: dustCertusQuartz
Ore: dustNetherQuartz
Ore: dustEnderPearl
Ore: dustGold
Ore: dustIron
Ore: dustWheat
Ore: craftingCircuitTier02
Ore: circuitBasic
Ore: craftingCircuitTier04
Ore: circuitAdvanced
Ore: craftingCircuitTier06
Ore: circuitElite
Ore: motor
Ore: gearElectrum
Ore: ingotEnergized
Ore: alloyPlateEnergized
Ore: gearEnergized
Ore: alloyPlateEnergizedHardened
Ore: cropVine
Ore: itemRubber
Ore: itemRawRubber
Ore: logRubber
Ore: woodRubber
Ore: treeLeavesRubber
Ore: leavesRubber
Ore: sheetPlastic
Ore: dustPlastic
Ore: ingotMeat
Ore: ingotMeatRaw
Ore: nuggetMeat
Ore: nuggetMeatRaw
Ore: blockMeat
Ore: blockMeatRaw
Ore: itemCharcoalSugar
Ore: cableRedNet
Ore: slimeball
Ore: slimeball
Ore: dyeBrown
Ore: fertilizerOrganic
Ore: wireExplosive
Fluid: glass
Fluid: biomass
Fluid: bioethanol
Fluid: seedoil
Fluid: honey
Fluid: juice
Fluid: ice
Ore: universalCable
Ore: battery
Ore: dustWood
Ore: pulpWood
Ore: dustObsidian
Ore: itemSalt
Ore: dustSalt
Ore: dustIron
Ore: dustGold
Ore: dustOsmium
Ore: dustRefinedObsidian
Ore: dustDiamond
Ore: dustSteel
Ore: dustCopper
Ore: dustTin
Ore: dustSilver
Ore: dustLead
Ore: dustSulfur
Ore: ingotRefinedObsidian
Ore: ingotOsmium
Ore: ingotBronze
Ore: ingotRefinedGlowstone
Ore: ingotSteel
Ore: ingotCopper
Ore: ingotTin
Ore: blockOsmium
Ore: blockBronze
Ore: blockRefinedObsidian
Ore: blockCharcoal
Ore: blockRefinedGlowstone
Ore: blockSteel
Ore: blockCopper
Ore: blockTin
Ore: dustImpureIron
Ore: dustDirtyIron
Ore: clumpIron
Ore: shardIron
Ore: crystalIron
Ore: dustImpureGold
Ore: dustDirtyGold
Ore: clumpGold
Ore: shardGold
Ore: crystalGold
Ore: dustImpureOsmium
Ore: dustDirtyOsmium
Ore: clumpOsmium
Ore: shardOsmium
Ore: crystalOsmium
Ore: dustImpureCopper
Ore: dustDirtyCopper
Ore: clumpCopper
Ore: shardCopper
Ore: crystalCopper
Ore: dustImpureTin
Ore: dustDirtyTin
Ore: clumpTin
Ore: shardTin
Ore: crystalTin
Ore: dustImpureSilver
Ore: dustDirtySilver
Ore: clumpSilver
Ore: shardSilver
Ore: crystalSilver
Ore: dustImpureObsidian
Ore: dustDirtyObsidian
Ore: clumpObsidian
Ore: shardObsidian
Ore: crystalObsidian
Ore: dustImpureLead
Ore: dustDirtyLead
Ore: clumpLead
Ore: shardLead
Ore: crystalLead
Ore: oreOsmium
Ore: oreCopper
Ore: oreTin
Ore: oreCoal
Ore: ingotIron
Ore: ingotGold
Ore: oreRedstone
Ore: oreRedstone
Ore: craftingCircuitTier02
Ore: circuitBasic
Ore: itemCompressedCarbon
Ore: itemEnrichedAlloy
Ore: dyeRed
Ore: dyeYellow
Ore: dyeBlue
Ore: dyeGreen
Ore: dyeBlack
Ore: dyeWhite
Ore: dyeBrown
Fluid: liquiddna
Fluid: life essence
Ore: oreCoal
Ore: blockMarble
Ore: blockLimestone
Ore: blockConcrete
Ore: blockHolystone
Ore: blockLavastone
Ore: blockFft
Ore: blockCarpet
Ore: blockTyrian
Ore: blockDirt
Ore: blockCloud
Ore: logWood
Ore: logWood
Ore: treeSapling
Ore: treeLeaves
Ore: treeLeaves
Ore: plankWood
Fluid: liquidforce
Ore: gemForce
Ore: ingotForce
Ore: nuggetForce
Ore: logWood
Ore: plankWood
Ore: slabWood
Ore: stairWood
Ore: treeSapling
Ore: treeLeaves
Ore: stickWood
Ore: itemTear
Ore: itemTear
Ore: itemClaw
Ore: itemBacon
Ore: componentWiring
Ore: componentSolenoid
Ore: componentServo
Ore: componentGliderWing
Ore: componentIonThruster
Ore: componentLVCapacitor
Ore: componentMVCapacitor
Ore: componentHVCapacitor
Ore: componentParachute
Ore: componentPlatingBasic
Ore: componentPlatingAdvanced
Ore: componentFieldEmitter
Ore: componentLaserEmitter
Ore: componentCarbonMyofiber
Ore: componentControlCircuit
Ore: componentMyofiberGel
Ore: componentArtificialMuscle
Ore: dyeBlack
Ore: treeSapling
Ore: dyeRed
Ore: treeSapling
Ore: dyeGreen
Ore: treeSapling
Ore: dyeBrown
Ore: treeSapling
Ore: dyeBlue
Ore: treeSapling
Ore: dyePurple
Ore: treeSapling
Ore: dyeCyan
Ore: treeSapling
Ore: dyeLightGray
Ore: treeSapling
Ore: dyeGray
Ore: treeSapling
Ore: dyePink
Ore: treeSapling
Ore: dyeLime
Ore: treeSapling
Ore: dyeYellow
Ore: treeSapling
Ore: dyeLightBlue
Ore: treeSapling
Ore: dyeMagenta
Ore: treeSapling
Ore: dyeOrange
Ore: treeSapling
Ore: dyeWhite
Ore: treeSapling
Ore: plateThaumium
Ore: blockAluminium
Ore: blockAluminum
Ore: blockBronze
Ore: blockCopper
Ore: blockLead
Ore: blockNickel
Ore: blockPlatinum
Ore: blockSilver
Ore: blockSteel
Ore: blockTin
Ore: oreAluminium
Ore: oreAluminum
Ore: oreTin
Ore: oreEmery
Ore: oreLead
Ore: oreCopper
Ore: oreNickel
Ore: oreRuby
Ore: oreSapphire
Fluid: nutrientwater
Ore: ingotAluminium
Ore: ingotAluminum
Ore: ingotBronze
Ore: ingotCopper
Ore: ingotLead
Ore: ingotNickel
Ore: ingotPlatinum
Ore: ingotSilver
Ore: ingotSteel
Ore: ingotTin
Ore: gemEmery
Ore: gemRuby
Ore: gemSapphire
Ore: limestone
Ore: plankWood
Ore: plankWood
Ore: plankWood
Ore: plankWood
Ore: plankWood
Ore: plankWood
Ore: plankWood
Ore: plankWood
Ore: plankWood
Ore: plankWood
Ore: plankWood
Ore: plankWood
Ore: plankWood
Ore: plankWood
Ore: plankWood
Ore: plankWood
Fluid: slickwater
Ore: dustQuicklime
Ore: groundAluminum
Ore: groundTin
Ore: groundLead
Ore: groundGold
Ore: groundIron
Ore: groundCopper
Ore: groundNickel
Ore: groundSilver
Ore: dustImpureAluminium
Ore: dustImpureAluminum
Ore: dustImpureCopper
Ore: dustImpureLead
Ore: dustImpureNickel
Ore: dustImpureGold
Ore: dustImpureIron
Ore: dustImpureSilver
Ore: dustImpureTin
Ore: dustAluminium
Ore: dustAluminum
Ore: dustCopper
Ore: dustGold
Ore: dustIron
Ore: dustLead
Ore: dustNickel
Ore: dustPlatinum
Ore: dustSilver
Ore: dustTin
Ore: groundCobalt
Ore: groundArdite
Ore: dustImpureCobalt
Ore: dustImpureArdite
Ore: dustPureCobalt
Ore: dustPureArdite
Ore: transmutationStone
Ore: transmutationStone
Ore: bricksGravel
Ore: enderobsidian
Ore: burntquartz
Ore: icestone
Ore: blockUnstable
Ore: glass
Ore: glass
Ore: glass
Ore: glass
Ore: glass
Ore: glass
Ore: bricksStone
Ore: bricksStone
Ore: bricksStone
Ore: bricksStone
Ore: bricksStone
Ore: bricksStone
Ore: bricksStone
Ore: bricksStone
Ore: bricksStone
Ore: bricksStone
Ore: bricksStone
Ore: bricksStone
Ore: bricksStone
Ore: bricksStone
Ore: bricksStone
Ore: bricksStone
Ore: plankWood
Ore: plankWood
Ore: plankWood
Ore: plankWood
Ore: plankWood
Ore: plankWood
Ore: plankWood
Ore: plankWood
Ore: plankWood
Ore: plankWood
Ore: plankWood
Ore: plankWood
Ore: plankWood
Ore: plankWood
Ore: plankWood
Ore: plankWood
Ore: compressedCobblestone1x
Ore: compressedCobblestone2x
Ore: compressedCobblestone3x
Ore: compressedCobblestone4x
Ore: compressedCobblestone5x
Ore: compressedCobblestone6x
Ore: compressedCobblestone7x
Ore: compressedCobblestone8x
Ore: compressedDirt1x
Ore: compressedDirt2x
Ore: compressedDirt3x
Ore: compressedDirt4x
Ore: compressedGravel1x
Ore: compressedGravel2x
Ore: compressedSand1x
Ore: compressedSand2x
Ore: ingotUnstable
Ore: nuggetUnstable
Ore: dustAsh
Fluid: gascraft_naturalgas
Fluid: gascraft_propellent
Fluid: gascraft_hydrogen
Fluid: gascraft_smoke
Fluid: gascraft_toxicgas
Fluid: gascraft_neurotoxin
Fluid: gascraft_corrosivegas
Fluid: gascraft_plasma
Setting up meta item with texture: 6852:0 Gate Copier gatecopy:clipboard_empty
Setting up meta item with texture: 6852:1 Gate Copier gatecopy:clipboard_copy
Setting up meta item with texture: 6852:2 Gate Copier gatecopy:clipboard_empty_diamond
Setting up meta item with texture: 6852:3 Gate Copier gatecopy:clipboard_copy_diamond
Ore: stoneCobble
Ore: cobblestone
Ore: stoneSmooth
Ore: stone
Ore: rockGranite
Ore: stoneGraniteBlack
Ore: stoneGranite
Ore: granite
Ore: stoneCobble
Ore: cobblestone
Ore: stoneSmooth
Ore: stone
Ore: rockBasalt
Ore: stoneBasalt
Ore: basalt
Ore: stoneCobble
Ore: cobblestone
Ore: stoneSmooth
Ore: stone
Ore: rockMarble
Ore: stoneMarble
Ore: marble
Ore: stoneCobble
Ore: cobblestone
Ore: stoneSmooth
Ore: stone
Ore: rockLimestone
Ore: stoneLimestone
Ore: limestone
Ore: stoneCobble
Ore: cobblestone
Ore: stoneSmooth
Ore: stone
Ore: rockShale
Ore: stoneShale
Ore: shale
Ore: stoneCobble
Ore: cobblestone
Ore: stoneSmooth
Ore: stone
Ore: rockSandstone
Ore: stoneSandstone
Ore: sandstone
Ore: stoneCobble
Ore: cobblestone
Ore: stoneSmooth
Ore: stone
Ore: rockPumice
Ore: stonePumice
Ore: pumice
Ore: stoneCobble
Ore: cobblestone
Ore: stoneSmooth
Ore: stone
Ore: rockSlate
Ore: stoneSlate
Ore: slate
Ore: stoneCobble
Ore: cobblestone
Ore: stoneSmooth
Ore: stone
Ore: rockGneiss
Ore: stoneGneiss
Ore: gneiss
Ore: stoneCobble
Ore: cobblestone
Ore: stoneSmooth
Ore: stone
Ore: rockPeridotite
Ore: stonePeridotite
Ore: peridotite
Ore: stoneCobble
Ore: cobblestone
Ore: stoneSmooth
Ore: stone
Ore: rockQuartz
Ore: stoneQuartz
Ore: quartz
Ore: stoneCobble
Ore: cobblestone
Ore: stoneSmooth
Ore: stone
Ore: rockGranulite
Ore: stoneGranulite
Ore: granulite
Ore: stoneCobble
Ore: cobblestone
Ore: stoneSmooth
Ore: stone
Ore: rockHornfel
Ore: stoneHornfel
Ore: hornfel
Ore: stoneCobble
Ore: cobblestone
Ore: stoneSmooth
Ore: stone
Ore: rockMigmatite
Ore: stoneMigmatite
Ore: migmatite
Ore: stoneCobble
Ore: cobblestone
Ore: stoneSmooth
Ore: stone
Ore: rockSchist
Ore: stoneSchist
Ore: schist
Ore: stoneCobble
Ore: cobblestone
Ore: stoneSmooth
Ore: stone
Ore: rockOnyx
Ore: stoneOnyx
Ore: onyx
Ore: stoneCobble
Ore: cobblestone
Ore: stoneSmooth
Ore: stone
Ore: rockOpal
Ore: stoneOpal
Ore: opal
Ore: sandstone
Ore: sandstone
Ore: dyeBlackCrystal
Ore: dyeBlackCrystalShard
Ore: dyeRedCrystal
Ore: dyeRedCrystalShard
Ore: dyeGreenCrystal
Ore: dyeGreenCrystalShard
Ore: dyeBrownCrystal
Ore: dyeBrownCrystalShard
Ore: dyeBlueCrystal
Ore: dyeBlueCrystalShard
Ore: dyePurpleCrystal
Ore: dyePurpleCrystalShard
Ore: dyeCyanCrystal
Ore: dyeCyanCrystalShard
Ore: dyeLightGrayCrystal
Ore: dyeLightGrayCrystalShard
Ore: dyeGrayCrystal
Ore: dyeGrayCrystalShard
Ore: dyePinkCrystal
Ore: dyePinkCrystalShard
Ore: dyeLimeCrystal
Ore: dyeLimeCrystalShard
Ore: dyeYellowCrystal
Ore: dyeYellowCrystalShard
Ore: dyeLightBlueCrystal
Ore: dyeLightBlueCrystalShard
Ore: dyeMagentaCrystal
Ore: dyeMagentaCrystalShard
Ore: dyeOrangeCrystal
Ore: dyeOrangeCrystalShard
Ore: dyeWhiteCrystal
Ore: dyeWhiteCrystalShard
Fluid: potion crystal
Ore: projredWire
Ore: projredWire
Ore: projredWire
Ore: projredWire
Ore: projredWire
Ore: projredWire
Ore: projredWire
Ore: projredWire
Ore: projredWire
Ore: projredWire
Ore: projredWire
Ore: projredWire
Ore: projredWire
Ore: projredWire
Ore: projredWire
Ore: projredWire
Ore: projredWire
Ore: projredWire
Ore: projredWire
Ore: projredWire
Ore: projredWire
Ore: projredWire
Ore: projredWire
Ore: projredWire
Ore: projredWire
Ore: projredWire
Ore: projredWire
Ore: projredWire
Ore: projredWire
Ore: projredWire
Ore: projredWire
Ore: projredWire
Ore: projredWire
Ore: projredWire
Ore: projredInsFramedWire
Ore: projredInsulatedWire
Ore: projredInsFramedWire
Ore: projredInsulatedWire
Ore: projredInsFramedWire
Ore: projredInsulatedWire
Ore: projredInsFramedWire
Ore: projredInsulatedWire
Ore: projredInsFramedWire
Ore: projredInsulatedWire
Ore: projredInsFramedWire
Ore: projredInsulatedWire
Ore: projredInsFramedWire
Ore: projredInsulatedWire
Ore: projredInsFramedWire
Ore: projredInsulatedWire
Ore: projredInsFramedWire
Ore: projredInsulatedWire
Ore: projredInsFramedWire
Ore: projredInsulatedWire
Ore: projredInsFramedWire
Ore: projredInsulatedWire
Ore: projredInsFramedWire
Ore: projredInsulatedWire
Ore: projredInsFramedWire
Ore: projredInsulatedWire
Ore: projredInsFramedWire
Ore: projredInsulatedWire
Ore: projredInsFramedWire
Ore: projredInsulatedWire
Ore: projredInsFramedWire
Ore: projredInsulatedWire
Ore: projredBundledCable
Ore: projredBundledCable
Ore: projredBundledCable
Ore: projredBundledCable
Ore: projredBundledCable
Ore: projredBundledCable
Ore: projredBundledCable
Ore: projredBundledCable
Ore: projredBundledCable
Ore: projredBundledCable
Ore: projredBundledCable
Ore: projredBundledCable
Ore: projredBundledCable
Ore: projredBundledCable
Ore: projredBundledCable
Ore: projredBundledCable
Ore: projredBundledCable
Ore: plantKelp
Ore: coralPink
Ore: coralOrange
Ore: coralLightBlue
Ore: coralPurple
Fluid: gas.natural
Fluid: quicklime
Fluid: salt.molten
Fluid: magnesium.molten
Fluid: titanium.molten
Fluid: rutile.molten
Fluid: molten.dirt
Ore: itemBioFuel
Ore: greggy_greg_do_please_kindly_stuff_a_sock_in_it
Ore: projredPart
Ore: projredPart
Ore: projredPart
Ore: projredPart
Ore: projredPart
Ore: projredPart
Ore: projredPart
Ore: projredPart
Ore: projredPart
Ore: projredPart
Ore: projredPart
Ore: projredPart
Ore: projredPart
Ore: projredPart
Ore: projredPart
Ore: projredPart
Ore: projredPart
Ore: projredPart
Ore: projredPart
Ore: projredPart
Ore: projredPart
Ore: projredPart
Ore: projredPart
Ore: projredPart
Ore: projredPart
Ore: projredPart
Ore: projredPart
Ore: projredPart
Ore: projredPart
Ore: projredPart
Ore: projredPart
Ore: projredPart
Ore: projredPart
Ore: projredPart
Ore: projredPart
Ore: projredPart
Ore: projredPart
Ore: projredPart
Ore: projredPart
Ore: projredPart
Ore: projredPart
Ore: projredPart
Ore: projredPart
Ore: projredPart
Ore: projredPart
Ore: projredPart
Ore: projredPart
Ore: projredPart
Ore: projredPart
Ore: projredPart
Ore: projredPart
Ore: projredPart
Ore: projredIllumar
Ore: projredIllumar
Ore: projredIllumar
Ore: projredIllumar
Ore: projredIllumar
Ore: projredIllumar
Ore: projredIllumar
Ore: projredIllumar
Ore: projredIllumar
Ore: projredIllumar
Ore: projredIllumar
Ore: projredIllumar
Ore: projredIllumar
Ore: projredIllumar
Ore: projredIllumar
Ore: projredIllumar
Ore: dyeWhite
Ore: dyeOrange
Ore: dyeMagenta
Ore: dyeLightBlue
Ore: dyeYellow
Ore: dyeLime
Ore: dyePink
Ore: dyeGray
Ore: dyeLightGray
Ore: dyeCyan
Ore: dyePurple
Ore: dyeBlue
Ore: dyeBrown
Ore: dyeGreen
Ore: dyeRed
Ore: dyeBlack
Ore: ProjRed|Exploration:bag
Ore: ProjRed|Exploration:bag
Ore: ProjRed|Exploration:bag
Ore: ProjRed|Exploration:bag
Ore: ProjRed|Exploration:bag
Ore: ProjRed|Exploration:bag
Ore: ProjRed|Exploration:bag
Ore: ProjRed|Exploration:bag
Ore: ProjRed|Exploration:bag
Ore: ProjRed|Exploration:bag
Ore: ProjRed|Exploration:bag
Ore: ProjRed|Exploration:bag
Ore: ProjRed|Exploration:bag
Ore: ProjRed|Exploration:bag
Ore: ProjRed|Exploration:bag
Ore: ProjRed|Exploration:bag
Ore: gemRuby
Ore: gemSapphire
Ore: gemOlivine
Ore: gemPeridot
Ore: oreRuby
Ore: oreSapphire
Ore: oreOlivine
Ore: orePeridot
Ore: cropPumpkin
Ore: cropMelon
Ore: cropPotato
Ore: cropCarrot
Fluid: peat
Fluid: vegetable
Setting up meta item: 4602:0 Blacksmithing Hammer
Setting up meta item: 4603:0 Iron Ring
Setting up meta item: 4600:0 Sugar Charcoal
Setting up meta item: 4600:1 Sugar Coke
Setting up meta item: 4600:2 Cactus Charcoal
Setting up meta item: 4600:3 Cactus Coke
Ore: componentSolarPanel
Ore: componentMagnet
Ore: componentComputerChip
Fluid: molten redstone
Fluid: molten conductive redmetal
Ore: blockElectrumFlux
Ore: blockCrystalFlux
Ore: dustElectrumFlux
Ore: ingotElectrumFlux
Ore: nuggetElectrumFlux
Ore: gemCrystalFlux
Ore: rodIron
Ore: CAMO_PASTE
Ore: camoPaste
Ore: diamondNugget
Ore: stoneSmooth
Ore: stone
Ore: stoneSmooth
Ore: stone
Ore: stoneCobble
Ore: cobblestone
Ore: stoneCobble
Ore: cobblestone
Ore: stoneBricks
Ore: stoneBricks
Fluid: fluidwitcheryspirit
Ore: plankWood
Ore: treeSapling
Ore: logWood
Ore: treeLeaves
Ore: slabWood
Ore: stairWood
Ore: stairWood
Ore: stairWood
Ore: obsidianRod
Ore: stoneBowl
Ore: stoneRedrock
Ore: stoneRedrock
Ore: stoneRedrock
Ore: craftingEnderChest
Ore: stoneBasalt
Ore: stoneBasalt
Ore: stoneBasalt
Ore: stoneBasalt
Ore: stoneBasalt
Ore: stoneBasalt
Ore: stoneBasalt
Ore: stoneBasalt
Ore: stoneMarble
Ore: stoneMarble
Ore: stoneMarble
Ore: stoneMarble
Ore: stoneMarble
Ore: stoneMarble
Ore: stoneMarble
Ore: stoneMarble
Ore: craftingWorkBench
Ore: craftingPump
Ore: craftingTank
Ore: stoneObsidian
Ore: stoneObsidian
Ore: stoneGraniteRed
Ore: stoneGraniteBlack
Ore: stoneRhyolite
Ore: stoneAndesite
Ore: stoneGabbro
Ore: stoneBasalt
Ore: stoneKomatiite
Ore: stoneDacite
Ore: stoneGraniteRed
Ore: stoneGraniteBlack
Ore: stoneRhyolite
Ore: stoneAndesite
Ore: stoneGabbro
Ore: stoneBasalt
Ore: stoneKomatiite
Ore: stoneDacite
Ore: stoneGneiss
Ore: stoneEclogite
Ore: stoneMarble
Ore: stoneQuartzite
Ore: stoneBlueschist
Ore: stoneGreenschist
Ore: stoneSoapstone
Ore: stoneMigmatite
Ore: stoneGneiss
Ore: stoneEclogite
Ore: stoneMarble
Ore: stoneQuartzite
Ore: stoneBlueschist
Ore: stoneGreenschist
Ore: stoneSoapstone
Ore: stoneMigmatite
Ore: stoneGraniteRed
Ore: stoneGraniteBlack
Ore: stoneRhyolite
Ore: stoneAndesite
Ore: stoneGabbro
Ore: stoneBasalt
Ore: stoneKomatiite
Ore: stoneDacite
Ore: stoneGraniteRed
Ore: stoneGraniteBlack
Ore: stoneRhyolite
Ore: stoneAndesite
Ore: stoneGabbro
Ore: stoneBasalt
Ore: stoneKomatiite
Ore: stoneDacite
Ore: stoneGneiss
Ore: stoneEclogite
Ore: stoneMarble
Ore: stoneQuartzite
Ore: stoneBlueschist
Ore: stoneGreenschist
Ore: stoneSoapstone
Ore: stoneMigmatite
Ore: stoneGneiss
Ore: stoneEclogite
Ore: stoneMarble
Ore: stoneQuartzite
Ore: stoneBlueschist
Ore: stoneGreenschist
Ore: stoneSoapstone
Ore: stoneMigmatite
Ore: stoneGneiss
Ore: stoneEclogite
Ore: stoneMarble
Ore: stoneQuartzite
Ore: stoneBlueschist
Ore: stoneGreenschist
Ore: stoneSoapstone
Ore: stoneMigmatite
Ore: stoneGneiss
Ore: stoneEclogite
Ore: stoneMarble
Ore: stoneQuartzite
Ore: stoneBlueschist
Ore: stoneGreenschist
Ore: stoneSoapstone
Ore: stoneMigmatite
Ore: stoneGraniteRed
Ore: stoneGraniteBlack
Ore: stoneRhyolite
Ore: stoneAndesite
Ore: stoneGabbro
Ore: stoneBasalt
Ore: stoneKomatiite
Ore: stoneDacite
Ore: stoneGraniteRed
Ore: stoneGraniteBlack
Ore: stoneRhyolite
Ore: stoneAndesite
Ore: stoneGabbro
Ore: stoneBasalt
Ore: stoneKomatiite
Ore: stoneDacite
Ore: paperWritten
Ore: paperWritten
Ore: bookWritten
Ore: bookMystcraftAge
Ore: bookMystcraftLink
Ore: bookNotes
Ore: paperMystcraft
Ore: bookTinkersManual
Ore: paperBlueprint
Ore: paperResearch
Ore: bookThaumonomicon
Ore: gemMercury
Ore: gemQuicksilver
Ore: ingotIronWood
Ore: ingotFieryBlood
Ore: ingotSteelLeaf
Fluid: heliumplasma
Fluid: tritium
Fluid: helium
Fluid: helium-3
Fluid: methane
Fluid: nitrogen
Fluid: nitrogendioxide
Fluid: wolframium
Fluid: lithium
Fluid: silicon
Fluid: berylium
Fluid: calcium
Fluid: sodium
Fluid: chlorite
Fluid: potassium
Fluid: mercury
Fluid: nitrofuel
Fluid: sodiumpersulfate
Fluid: calciumcarbonate
Fluid: glyceryl
Fluid: nitrocoalfuel
Ore: cellEmpty
Ore: glassWhite
Ore: glassPaneWhite
Ore: glassOrange
Ore: glassPaneOrange
Ore: glassMagenta
Ore: glassPaneMagenta
Ore: glassLightBlue
Ore: glassPaneLightBlue
Ore: glassYellow
Ore: glassPaneYellow
Ore: glassLime
Ore: glassPaneLime
Ore: glassPink
Ore: glassPanePink
Ore: glassGray
Ore: glassPaneGray
Ore: glassLightGray
Ore: glassPaneLightGray
Ore: glassCyan
Ore: glassPaneCyan
Ore: glassPurple
Ore: glassPanePurple
Ore: glassBlue
Ore: glassPaneBlue
Ore: glassBrown
Ore: glassPaneBrown
Ore: glassGreen
Ore: glassPaneGreen
Ore: glassRed
Ore: glassPaneRed
Ore: glassBlack
Ore: glassPaneBlack
Fluid: short.mead
Ore: ingotIron
Ore: ingotGold
Ore: gemDiamond
Ore: gemEmerald
Ore: gemLapis
Ore: beeComb
Ore: fz.waterBucketLike
Ore: fz.waterBucketLike
Ore: fz.waterBucketLike
Ore: fz.waterBucketLike
Ore: fz.waterBucketLike
Ore: fz.waterBucketLike
Ore: fz.waterBucketLike
Ore: dirtyGravelIron
Ore: cleanGravelIron
Ore: reducedIron
Ore: crystallineIron
Ore: dirtyGravelGold
Ore: cleanGravelGold
Ore: reducedGold
Ore: crystallineGold
Ore: dirtyGravelLead
Ore: cleanGravelLead
Ore: reducedLead
Ore: crystallineLead
Ore: dirtyGravelTin
Ore: cleanGravelTin
Ore: reducedTin
Ore: crystallineTin
Ore: dirtyGravelCopper
Ore: cleanGravelCopper
Ore: reducedCopper
Ore: crystallineCopper
Ore: dirtyGravelGalena
Ore: cleanGravelGalena
Ore: reducedGalena
Ore: crystallineGalena
Ore: dirtyGravelSilver
Ore: cleanGravelSilver
Ore: reducedSilver
Ore: crystallineSilver
Ore: dirtyGravelCobalt
Ore: cleanGravelCobalt
Ore: reducedCobalt
Ore: crystallineCobalt
Ore: dirtyGravelArdite
Ore: cleanGravelArdite
Ore: reducedArdite
Ore: crystallineArdite
Ore: dirtyGravelDarkIron
Ore: dirtyGravelDark Iron
Ore: cleanGravelDarkIron
Ore: cleanGravelDark Iron
Ore: reducedDarkIron
Ore: reducedDark Iron
Ore: crystallineDarkIron
Ore: crystallineDark Iron
Ore: ingotNaturalAluminum
Ore: ingotNaturalAluminum
Ore: ingotNaturalAluminum
Ore: ingotNaturalAluminum
Ore: ingotNaturalAluminum
Ore: ingotAluminum
Ore: itemSilicon
Ore: ingotDesh
Ore: plateDesh
Ore: plateHeavyT2
Ore: itemCharcoalSugar
Ore: itemCokeSugar
Ore: itemCharcoalCactus
Ore: itemCokeCactus
Ore: craftingTableWood
Ore: craftingTable
Ore: cobblestone
Ore: stoneBricks
Ore: stone
